#
# There is insufficient memory for the Java Runtime Environment to continue.
# Native memory allocation (mmap) failed to map 565182464 bytes for G1 virtual space
# Possible reasons:
#   The system is out of physical RAM or swap space
#   The process is running with CompressedOops enabled, and the Java Heap may be blocking the growth of the native heap
# Possible solutions:
#   Reduce memory load on the system
#   Increase physical memory or swap space
#   Check if swap backing store is full
#   Decrease Java heap size (-Xmx/-Xms)
#   Decrease number of Java threads
#   Decrease Java thread stack sizes (-Xss)
#   Set larger code cache with -XX:ReservedCodeCacheSize=
#   JVM is running with Unscaled Compressed Oops mode in which the Java heap is
#     placed in the first 4GB address space. The Java Heap base address is the
#     maximum limit for the native heap growth. Please use -XX:HeapBaseMinAddress
#     to set the Java Heap base and to place the Java Heap above 4GB virtual address.
# This output file may be truncated or incomplete.
#
#  Out of Memory Error (os_windows.cpp:3550), pid=20596, tid=13544
#
# JRE version: Java(TM) SE Runtime Environment (17.0.8+9) (build 17.0.8+9-LTS-211)
# Java VM: Java HotSpot(TM) 64-Bit Server VM (17.0.8+9-LTS-211, mixed mode, sharing, tiered, compressed oops, compressed class ptrs, g1 gc, windows-amd64)
# No core dump will be written. Minidumps are not enabled by default on client versions of Windows
#

---------------  S U M M A R Y ------------

Command Line: -XX:MaxMetaspaceSize=512m --add-opens=java.base/java.util=ALL-UNNAMED --add-opens=java.base/java.lang=ALL-UNNAMED --add-opens=java.base/java.lang.invoke=ALL-UNNAMED --add-opens=java.prefs/java.util.prefs=ALL-UNNAMED --add-opens=java.base/java.nio.charset=ALL-UNNAMED --add-opens=java.base/java.net=ALL-UNNAMED --add-opens=java.base/java.util.concurrent.atomic=ALL-UNNAMED -Xmx2048m -Dfile.encoding=windows-1252 -Duser.country=US -Duser.language=en -Duser.variant -javaagent:C:\Users\wwwbr\.gradle\wrapper\dists\gradle-8.3-all\6en3ugtfdg5xnpx44z4qbwgas\gradle-8.3\lib\agents\gradle-instrumentation-agent-8.3.jar org.gradle.launcher.daemon.bootstrap.GradleDaemon 8.3

Host: AMD Ryzen 5 4500U with Radeon Graphics         , 6 cores, 7G,  Windows 10 , 64 bit Build 19041 (10.0.19041.3636)
Time: Tue Dec 12 17:27:41 2023 India Standard Time elapsed time: 178.531137 seconds (0d 0h 2m 58s)

---------------  T H R E A D  ---------------

Current thread (0x00000212bf2c5290):  VMThread "VM Thread" [stack: 0x00000028bc400000,0x00000028bc500000] [id=13544]

Stack: [0x00000028bc400000,0x00000028bc500000]
Native frames: (J=compiled Java code, j=interpreted, Vv=VM code, C=native code)
V  [jvm.dll+0x677d0a]
V  [jvm.dll+0x7d8c54]
V  [jvm.dll+0x7da3fe]
V  [jvm.dll+0x7daa63]
V  [jvm.dll+0x245c5f]
V  [jvm.dll+0x674bb9]
V  [jvm.dll+0x6694f2]
V  [jvm.dll+0x3031d6]
V  [jvm.dll+0x30a756]
V  [jvm.dll+0x359f9e]
V  [jvm.dll+0x35a1cf]
V  [jvm.dll+0x2da3e8]
V  [jvm.dll+0x2d87f5]
V  [jvm.dll+0x2d7dfc]
V  [jvm.dll+0x31b4cb]
V  [jvm.dll+0x7df26b]
V  [jvm.dll+0x7dffa4]
V  [jvm.dll+0x7e04bd]
V  [jvm.dll+0x7e0894]
V  [jvm.dll+0x7e0960]
V  [jvm.dll+0x788bba]
V  [jvm.dll+0x676b35]
C  [ucrtbase.dll+0x21bb2]
C  [KERNEL32.DLL+0x17344]
C  [ntdll.dll+0x526b1]

VM_Operation (0x00000028bdcf5d60): G1CollectForAllocation, mode: safepoint, requested by thread 0x00000212bf55aa80


---------------  P R O C E S S  ---------------

Threads class SMR info:
_java_thread_list=0x00000212e40beef0, length=89, elements={
0x000002129f5b73a0, 0x00000212bf2cb940, 0x00000212bf2cc6c0, 0x00000212bf2e28b0,
0x00000212bf2e6190, 0x00000212bf2e6a50, 0x00000212bf2e7310, 0x00000212bf2e7fb0,
0x00000212bf2ea110, 0x00000212bf311270, 0x00000212bf525c10, 0x00000212bf5e8b10,
0x00000212e07d88a0, 0x00000212dfeb28f0, 0x00000212e0982850, 0x00000212dfc0e090,
0x00000212dfc0f600, 0x00000212df7d39c0, 0x00000212bf55aa80, 0x00000212df0d9510,
0x00000212e0b6b090, 0x00000212e0b6d710, 0x00000212e0b6b560, 0x00000212e0b6ba30,
0x00000212e0b6bf00, 0x00000212e0b6abc0, 0x00000212e0b6cd70, 0x00000212e0b6dbe0,
0x00000212e0b6c3d0, 0x00000212e0b6a220, 0x00000212e0b6d240, 0x00000212e0b6a6f0,
0x00000212df02b5a0, 0x00000212df02d280, 0x00000212df02cdb0, 0x00000212df02ac00,
0x00000212df02ba70, 0x00000212df02c8e0, 0x00000212df0302a0, 0x00000212df02e0f0,
0x00000212df030770, 0x00000212df0293f0, 0x00000212df0298c0, 0x00000212df029d90,
0x00000212df02bf40, 0x00000212df02e5c0, 0x00000212df02ea90, 0x00000212df02a260,
0x00000212e19d5540, 0x00000212e19d5ee0, 0x00000212e19d6880, 0x00000212e19d8a30,
0x00000212e19db0b0, 0x00000212e19d8f00, 0x00000212e19dabe0, 0x00000212e19db580,
0x00000212e19d4ba0, 0x00000212e19d8090, 0x00000212e19d93d0, 0x00000212e19d5a10,
0x00000212e19d8560, 0x00000212e19d98a0, 0x00000212e19d9d70, 0x00000212e19d3d30,
0x00000212e19d4200, 0x00000212df02a730, 0x00000212e0b6c8a0, 0x00000212e0a09450,
0x00000212e0a050f0, 0x00000212e0a072a0, 0x00000212e0a04280, 0x00000212e0a04750,
0x00000212e0a0a790, 0x00000212e0a07770, 0x00000212e0a04c20, 0x00000212e0a09df0,
0x00000212e0a0a2c0, 0x00000212e0a05f60, 0x00000212e0a03410, 0x00000212e0a08f80,
0x00000212e0a08ab0, 0x00000212e0a03db0, 0x00000212e0a055c0, 0x00000212e0a085e0,
0x00000212e0a06430, 0x00000212e0a05a90, 0x00000212e0a06dd0, 0x00000212e0a07c40,
0x00000212e0a08110
}

Java Threads: ( => current thread )
  0x000002129f5b73a0 JavaThread "main" [_thread_blocked, id=6224, stack(0x00000028bbe00000,0x00000028bbf00000)]
  0x00000212bf2cb940 JavaThread "Reference Handler" daemon [_thread_blocked, id=20656, stack(0x00000028bc500000,0x00000028bc600000)]
  0x00000212bf2cc6c0 JavaThread "Finalizer" daemon [_thread_blocked, id=14776, stack(0x00000028bc600000,0x00000028bc700000)]
  0x00000212bf2e28b0 JavaThread "Signal Dispatcher" daemon [_thread_blocked, id=18304, stack(0x00000028bc700000,0x00000028bc800000)]
  0x00000212bf2e6190 JavaThread "Attach Listener" daemon [_thread_blocked, id=20316, stack(0x00000028bc800000,0x00000028bc900000)]
  0x00000212bf2e6a50 JavaThread "Service Thread" daemon [_thread_blocked, id=20052, stack(0x00000028bc900000,0x00000028bca00000)]
  0x00000212bf2e7310 JavaThread "Monitor Deflation Thread" daemon [_thread_blocked, id=22468, stack(0x00000028bca00000,0x00000028bcb00000)]
  0x00000212bf2e7fb0 JavaThread "C2 CompilerThread0" daemon [_thread_blocked, id=21780, stack(0x00000028bcb00000,0x00000028bcc00000)]
  0x00000212bf2ea110 JavaThread "C1 CompilerThread0" daemon [_thread_blocked, id=15444, stack(0x00000028bcc00000,0x00000028bcd00000)]
  0x00000212bf311270 JavaThread "Sweeper thread" daemon [_thread_blocked, id=5268, stack(0x00000028bcd00000,0x00000028bce00000)]
  0x00000212bf525c10 JavaThread "Common-Cleaner" daemon [_thread_blocked, id=21896, stack(0x00000028bce00000,0x00000028bcf00000)]
  0x00000212bf5e8b10 JavaThread "Notification Thread" daemon [_thread_blocked, id=18340, stack(0x00000028bcf00000,0x00000028bd000000)]
  0x00000212e07d88a0 JavaThread "Daemon health stats" [_thread_blocked, id=22172, stack(0x00000028bd600000,0x00000028bd700000)]
  0x00000212dfeb28f0 JavaThread "Incoming local TCP Connector on port 49780" [_thread_in_native, id=13856, stack(0x00000028bd700000,0x00000028bd800000)]
  0x00000212e0982850 JavaThread "Daemon periodic checks" [_thread_blocked, id=22520, stack(0x00000028bd800000,0x00000028bd900000)]
  0x00000212dfc0e090 JavaThread "Daemon" [_thread_blocked, id=20228, stack(0x00000028bd900000,0x00000028bda00000)]
  0x00000212dfc0f600 JavaThread "Handler for socket connection from /127.0.0.1:49780 to /127.0.0.1:49783" [_thread_in_native, id=22376, stack(0x00000028bda00000,0x00000028bdb00000)]
  0x00000212df7d39c0 JavaThread "Cancel handler" [_thread_blocked, id=18480, stack(0x00000028bdb00000,0x00000028bdc00000)]
  0x00000212bf55aa80 JavaThread "Daemon worker" [_thread_blocked, id=7580, stack(0x00000028bdc00000,0x00000028bdd00000)]
  0x00000212df0d9510 JavaThread "Asynchronous log dispatcher for DefaultDaemonConnection: socket connection from /127.0.0.1:49780 to /127.0.0.1:49783" [_thread_blocked, id=6640, stack(0x00000028bdd00000,0x00000028bde00000)]
  0x00000212e0b6b090 JavaThread "Daemon client event forwarder" [_thread_blocked, id=20484, stack(0x00000028bdf00000,0x00000028be000000)]
  0x00000212e0b6d710 JavaThread "Cache worker for journal cache (C:\Users\wwwbr\.gradle\caches\journal-1)" [_thread_blocked, id=7236, stack(0x00000028be100000,0x00000028be200000)]
  0x00000212e0b6b560 JavaThread "File lock request listener" [_thread_in_native, id=18940, stack(0x00000028be200000,0x00000028be300000)]
  0x00000212e0b6ba30 JavaThread "File lock release action executor" [_thread_blocked, id=18604, stack(0x00000028be300000,0x00000028be400000)]
  0x00000212e0b6bf00 JavaThread "Cache worker for file hash cache (C:\Users\wwwbr\.gradle\caches\8.3\fileHashes)" [_thread_blocked, id=14924, stack(0x00000028be400000,0x00000028be500000)]
  0x00000212e0b6abc0 JavaThread "File watcher server" daemon [_thread_blocked, id=6888, stack(0x00000028be500000,0x00000028be600000)]
  0x00000212e0b6cd70 JavaThread "File watcher consumer" daemon [_thread_blocked, id=11932, stack(0x00000028be600000,0x00000028be700000)]
  0x00000212e0b6dbe0 JavaThread "jar transforms" [_thread_blocked, id=22312, stack(0x00000028be700000,0x00000028be800000)]
  0x00000212e0b6c3d0 JavaThread "jar transforms Thread 2" [_thread_blocked, id=15728, stack(0x00000028be800000,0x00000028be900000)]
  0x00000212e0b6a220 JavaThread "jar transforms Thread 3" [_thread_blocked, id=18648, stack(0x00000028be900000,0x00000028bea00000)]
  0x00000212e0b6d240 JavaThread "jar transforms Thread 4" [_thread_blocked, id=7596, stack(0x00000028bea00000,0x00000028beb00000)]
  0x00000212e0b6a6f0 JavaThread "jar transforms Thread 5" [_thread_blocked, id=964, stack(0x00000028beb00000,0x00000028bec00000)]
  0x00000212df02b5a0 JavaThread "jar transforms Thread 6" [_thread_blocked, id=21468, stack(0x00000028bec00000,0x00000028bed00000)]
  0x00000212df02d280 JavaThread "Cache worker for checksums cache (C:\Users\wwwbr\Documents\Construction\android\.gradle\8.3\checksums)" [_thread_blocked, id=19948, stack(0x00000028bee00000,0x00000028bef00000)]
  0x00000212df02cdb0 JavaThread "Cache worker for file hash cache (C:\Users\wwwbr\Documents\Construction\android\.gradle\8.3\fileHashes)" [_thread_blocked, id=536, stack(0x00000028bef00000,0x00000028bf000000)]
  0x00000212df02ac00 JavaThread "Cache worker for cache directory md-supplier (C:\Users\wwwbr\.gradle\caches\8.3\md-supplier)" [_thread_blocked, id=20800, stack(0x00000028bf000000,0x00000028bf100000)]
  0x00000212df02ba70 JavaThread "Cache worker for file content cache (C:\Users\wwwbr\.gradle\caches\8.3\fileContent)" [_thread_blocked, id=12412, stack(0x00000028bf100000,0x00000028bf200000)]
  0x00000212df02c8e0 JavaThread "Cache worker for cache directory md-rule (C:\Users\wwwbr\.gradle\caches\8.3\md-rule)" [_thread_blocked, id=1396, stack(0x00000028bf200000,0x00000028bf300000)]
  0x00000212df0302a0 JavaThread "Cache worker for execution history cache (C:\Users\wwwbr\.gradle\caches\8.3\executionHistory)" [_thread_blocked, id=21392, stack(0x00000028bf300000,0x00000028bf400000)]
  0x00000212df02e0f0 JavaThread "Cache worker for kotlin-dsl (C:\Users\wwwbr\.gradle\caches\8.3\kotlin-dsl)" [_thread_blocked, id=21100, stack(0x00000028bf500000,0x00000028bf600000)]
  0x00000212df030770 JavaThread "Unconstrained build operations" [_thread_blocked, id=1144, stack(0x00000028bf600000,0x00000028bf700000)]
  0x00000212df0293f0 JavaThread "Unconstrained build operations Thread 2" [_thread_blocked, id=12468, stack(0x00000028bf700000,0x00000028bf800000)]
  0x00000212df0298c0 JavaThread "Cache worker for dependencies-accessors (C:\Users\wwwbr\Documents\Construction\android\.gradle\8.3\dependencies-accessors)" [_thread_blocked, id=8292, stack(0x00000028bf800000,0x00000028bf900000)]
  0x00000212df029d90 JavaThread "Cache worker for Build Output Cleanup Cache (C:\Users\wwwbr\Documents\Construction\node_modules\@react-native\gradle-plugin\.gradle\buildOutputCleanup)" [_thread_blocked, id=21792, stack(0x00000028bbb00000,0x00000028bbc00000)]
  0x00000212df02bf40 JavaThread "Unconstrained build operations Thread 3" [_thread_blocked, id=22328, stack(0x00000028bbd00000,0x00000028bbe00000)]
  0x00000212df02e5c0 JavaThread "Unconstrained build operations Thread 4" [_thread_blocked, id=7244, stack(0x00000028bf900000,0x00000028bfa00000)]
  0x00000212df02ea90 JavaThread "Unconstrained build operations Thread 5" [_thread_blocked, id=21448, stack(0x00000028bfa00000,0x00000028bfb00000)]
  0x00000212df02a260 JavaThread "Unconstrained build operations Thread 6" [_thread_blocked, id=13888, stack(0x00000028bfb00000,0x00000028bfc00000)]
  0x00000212e19d5540 JavaThread "Unconstrained build operations Thread 7" [_thread_blocked, id=20168, stack(0x00000028bfc00000,0x00000028bfd00000)]
  0x00000212e19d5ee0 JavaThread "Memory manager" [_thread_blocked, id=21020, stack(0x00000028bde00000,0x00000028bdf00000)]
  0x00000212e19d6880 JavaThread "Cache worker for Build Output Cleanup Cache (C:\Users\wwwbr\Documents\Construction\android\.gradle\buildOutputCleanup)" [_thread_blocked, id=21400, stack(0x00000028bfd00000,0x00000028bfe00000)]
  0x00000212e19d8a30 JavaThread "ForkJoinPool.commonPool-worker-1" daemon [_thread_blocked, id=16824, stack(0x00000028bff00000,0x00000028c0000000)]
  0x00000212e19db0b0 JavaThread "ForkJoinPool.commonPool-worker-2" daemon [_thread_blocked, id=20968, stack(0x00000028c0000000,0x00000028c0100000)]
  0x00000212e19d8f00 JavaThread "ForkJoinPool.commonPool-worker-4" daemon [_thread_blocked, id=1940, stack(0x00000028c0200000,0x00000028c0300000)]
  0x00000212e19dabe0 JavaThread "ForkJoinPool.commonPool-worker-5" daemon [_thread_blocked, id=20956, stack(0x00000028c0300000,0x00000028c0400000)]
  0x00000212e19db580 JavaThread "Execution worker" [_thread_blocked, id=19592, stack(0x00000028c0800000,0x00000028c0900000)]
  0x00000212e19d4ba0 JavaThread "Execution worker Thread 2" [_thread_blocked, id=16172, stack(0x00000028c0900000,0x00000028c0a00000)]
  0x00000212e19d8090 JavaThread "Execution worker Thread 3" [_thread_blocked, id=3384, stack(0x00000028c0a00000,0x00000028c0b00000)]
  0x00000212e19d93d0 JavaThread "Execution worker Thread 4" [_thread_blocked, id=13840, stack(0x00000028c0b00000,0x00000028c0c00000)]
  0x00000212e19d5a10 JavaThread "Execution worker Thread 5" [_thread_blocked, id=4880, stack(0x00000028c0c00000,0x00000028c0d00000)]
  0x00000212e19d8560 JavaThread "Cache worker for execution history cache (C:\Users\wwwbr\Documents\Construction\node_modules\@react-native\gradle-plugin\.gradle\8.3\executionHistory)" [_thread_blocked, id=13192, stack(0x00000028c0d00000,0x00000028c0e00000)]
  0x00000212e19d98a0 JavaThread "Unconstrained build operations Thread 8" [_thread_blocked, id=6408, stack(0x00000028c0e00000,0x00000028c0f00000)]
  0x00000212e19d9d70 JavaThread "Unconstrained build operations Thread 9" [_thread_blocked, id=21116, stack(0x00000028c0f00000,0x00000028c1000000)]
  0x00000212e19d3d30 JavaThread "Unconstrained build operations Thread 10" [_thread_blocked, id=21668, stack(0x00000028c1000000,0x00000028c1100000)]
  0x00000212e19d4200 JavaThread "Unconstrained build operations Thread 11" [_thread_blocked, id=10484, stack(0x00000028c1100000,0x00000028c1200000)]
  0x00000212df02a730 JavaThread "Unconstrained build operations Thread 12" [_thread_blocked, id=7160, stack(0x00000028c1200000,0x00000028c1300000)]
  0x00000212e0b6c8a0 JavaThread "Unconstrained build operations Thread 13" [_thread_blocked, id=16416, stack(0x00000028c1300000,0x00000028c1400000)]
  0x00000212e0a09450 JavaThread "Unconstrained build operations Thread 14" [_thread_blocked, id=4008, stack(0x00000028c1400000,0x00000028c1500000)]
  0x00000212e0a050f0 JavaThread "Unconstrained build operations Thread 15" [_thread_blocked, id=18796, stack(0x00000028c1500000,0x00000028c1600000)]
  0x00000212e0a072a0 JavaThread "Unconstrained build operations Thread 16" [_thread_blocked, id=19516, stack(0x00000028c1600000,0x00000028c1700000)]
  0x00000212e0a04280 JavaThread "Unconstrained build operations Thread 17" [_thread_blocked, id=22168, stack(0x00000028c1700000,0x00000028c1800000)]
  0x00000212e0a04750 JavaThread "Unconstrained build operations Thread 18" [_thread_blocked, id=20504, stack(0x00000028c1800000,0x00000028c1900000)]
  0x00000212e0a0a790 JavaThread "Unconstrained build operations Thread 19" [_thread_blocked, id=19552, stack(0x00000028c1900000,0x00000028c1a00000)]
  0x00000212e0a07770 JavaThread "Unconstrained build operations Thread 20" [_thread_blocked, id=11716, stack(0x00000028bf400000,0x00000028bf500000)]
  0x00000212e0a04c20 JavaThread "Unconstrained build operations Thread 21" [_thread_blocked, id=8056, stack(0x00000028bfe00000,0x00000028bff00000)]
  0x00000212e0a09df0 JavaThread "Unconstrained build operations Thread 22" [_thread_blocked, id=8084, stack(0x00000028c0100000,0x00000028c0200000)]
  0x00000212e0a0a2c0 JavaThread "Unconstrained build operations Thread 23" [_thread_blocked, id=18736, stack(0x00000028c0400000,0x00000028c0500000)]
  0x00000212e0a05f60 JavaThread "Unconstrained build operations Thread 24" [_thread_blocked, id=21652, stack(0x00000028c0500000,0x00000028c0600000)]
  0x00000212e0a03410 JavaThread "Unconstrained build operations Thread 25" [_thread_blocked, id=9492, stack(0x00000028c0600000,0x00000028c0700000)]
  0x00000212e0a08f80 JavaThread "Unconstrained build operations Thread 26" [_thread_blocked, id=21756, stack(0x00000028c0700000,0x00000028c0800000)]
  0x00000212e0a08ab0 JavaThread "Unconstrained build operations Thread 27" [_thread_blocked, id=22056, stack(0x00000028c1a00000,0x00000028c1b00000)]
  0x00000212e0a03db0 JavaThread "Unconstrained build operations Thread 28" [_thread_blocked, id=14344, stack(0x00000028c1b00000,0x00000028c1c00000)]
  0x00000212e0a055c0 JavaThread "Unconstrained build operations Thread 29" [_thread_blocked, id=16740, stack(0x00000028c1c00000,0x00000028c1d00000)]
  0x00000212e0a085e0 JavaThread "Unconstrained build operations Thread 30" [_thread_blocked, id=14860, stack(0x00000028c1d00000,0x00000028c1e00000)]
  0x00000212e0a06430 JavaThread "Unconstrained build operations Thread 31" [_thread_blocked, id=12700, stack(0x00000028c1e00000,0x00000028c1f00000)]
  0x00000212e0a05a90 JavaThread "Unconstrained build operations Thread 32" [_thread_blocked, id=1152, stack(0x00000028c1f00000,0x00000028c2000000)]
  0x00000212e0a06dd0 JavaThread "Unconstrained build operations Thread 33" [_thread_blocked, id=17616, stack(0x00000028c2000000,0x00000028c2100000)]
  0x00000212e0a07c40 JavaThread "Unconstrained build operations Thread 34" [_thread_blocked, id=4628, stack(0x00000028c2100000,0x00000028c2200000)]
  0x00000212e0a08110 JavaThread "Unconstrained build operations Thread 35" [_thread_blocked, id=21628, stack(0x00000028c2200000,0x00000028c2300000)]

Other Threads:
=>0x00000212bf2c5290 VMThread "VM Thread" [stack: 0x00000028bc400000,0x00000028bc500000] [id=13544]
  0x000002129f633110 WatcherThread [stack: 0x00000028bd000000,0x00000028bd100000] [id=12420]
  0x000002129f45e810 GCTaskThread "GC Thread#0" [stack: 0x00000028bbf00000,0x00000028bc000000] [id=19640]
  0x00000212df47fdd0 GCTaskThread "GC Thread#1" [stack: 0x00000028bd100000,0x00000028bd200000] [id=7612]
  0x00000212df6e48b0 GCTaskThread "GC Thread#2" [stack: 0x00000028bd200000,0x00000028bd300000] [id=12860]
  0x00000212df6e4f70 GCTaskThread "GC Thread#3" [stack: 0x00000028bd300000,0x00000028bd400000] [id=1252]
  0x00000212df8a1c20 GCTaskThread "GC Thread#4" [stack: 0x00000028bd500000,0x00000028bd600000] [id=20100]
  0x00000212bf37a250 GCTaskThread "GC Thread#5" [stack: 0x00000028be000000,0x00000028be100000] [id=19248]
  0x000002129f61d2f0 ConcurrentGCThread "G1 Main Marker" [stack: 0x00000028bc000000,0x00000028bc100000] [id=22420]
  0x000002129f61dc10 ConcurrentGCThread "G1 Conc#0" [stack: 0x00000028bc100000,0x00000028bc200000] [id=9388]
  0x00000212dfd1da70 ConcurrentGCThread "G1 Conc#1" [stack: 0x00000028bed00000,0x00000028bee00000] [id=17476]
  0x000002129f68e610 ConcurrentGCThread "G1 Refine#0" [stack: 0x00000028bc200000,0x00000028bc300000] [id=10768]
  0x00000212df6e44b0 ConcurrentGCThread "G1 Refine#1" [stack: 0x00000028bd400000,0x00000028bd500000] [id=20852]
  0x00000212bf180080 ConcurrentGCThread "G1 Service" [stack: 0x00000028bc300000,0x00000028bc400000] [id=19056]

Threads with active compile tasks:
C2 CompilerThread0   179201 13307       4       jdk.internal.org.objectweb.asm.MethodWriter::computeAllFrames (510 bytes)

VM state: at safepoint (normal execution)

VM Mutex/Monitor currently owned by a thread:  ([mutex/lock_event])
[0x000002129f5b2600] Threads_lock - owner thread: 0x00000212bf2c5290
[0x000002129f5b2570] Heap_lock - owner thread: 0x00000212bf55aa80

Heap address: 0x0000000080000000, size: 2048 MB, Compressed Oops mode: 32-bit

CDS archive(s) mapped at: [0x00000212c0000000-0x00000212c0bd0000-0x00000212c0bd0000), size 12386304, SharedBaseAddress: 0x00000212c0000000, ArchiveRelocationMode: 1.
Compressed class space mapped at: 0x00000212c1000000-0x00000212db000000, reserved size: 436207616
Narrow klass base: 0x00000212c0000000, Narrow klass shift: 0, Narrow klass range: 0x100000000

GC Precious Log:
 CPUs: 6 total, 6 available
 Memory: 7579M
 Large Page Support: Disabled
 NUMA Support: Disabled
 Compressed Oops: Enabled (32-bit)
 Heap Region Size: 1M
 Heap Min Capacity: 8M
 Heap Initial Capacity: 120M
 Heap Max Capacity: 2G
 Pre-touch: Disabled
 Parallel Workers: 6
 Concurrent Workers: 2
 Concurrent Refinement Workers: 6
 Periodic GC: Disabled

Heap:
 garbage-first heap   total 310272K, used 178462K [0x0000000080000000, 0x0000000100000000)
  region size 1024K, 5 young (5120K), 5 survivors (5120K)
 Metaspace       used 97352K, committed 98624K, reserved 557056K
  class space    used 13755K, committed 14336K, reserved 425984K

Heap Regions: E=young(eden), S=young(survivor), O=old, HS=humongous(starts), HC=humongous(continues), CS=collection set, F=free, OA=open archive, CA=closed archive, TAMS=top-at-mark-start (previous, next)
|   0|0x0000000080000000, 0x0000000080100000, 0x0000000080100000|100%|HS|  |TAMS 0x0000000080100000, 0x0000000080000000| Complete 
|   1|0x0000000080100000, 0x0000000080200000, 0x0000000080200000|100%|HC|  |TAMS 0x0000000080200000, 0x0000000080100000| Complete 
|   2|0x0000000080200000, 0x0000000080300000, 0x0000000080300000|100%|HC|  |TAMS 0x0000000080300000, 0x0000000080200000| Complete 
|   3|0x0000000080300000, 0x0000000080400000, 0x0000000080400000|100%|HC|  |TAMS 0x0000000080400000, 0x0000000080300000| Complete 
|   4|0x0000000080400000, 0x0000000080500000, 0x0000000080500000|100%| O|  |TAMS 0x0000000080500000, 0x0000000080400000| Untracked 
|   5|0x0000000080500000, 0x0000000080600000, 0x0000000080600000|100%| O|  |TAMS 0x0000000080600000, 0x0000000080500000| Untracked 
|   6|0x0000000080600000, 0x0000000080700000, 0x0000000080700000|100%| O|  |TAMS 0x0000000080700000, 0x0000000080600000| Untracked 
|   7|0x0000000080700000, 0x0000000080800000, 0x0000000080800000|100%| O|  |TAMS 0x0000000080800000, 0x0000000080700000| Untracked 
|   8|0x0000000080800000, 0x0000000080900000, 0x0000000080900000|100%| O|  |TAMS 0x0000000080900000, 0x0000000080800000| Untracked 
|   9|0x0000000080900000, 0x0000000080a00000, 0x0000000080a00000|100%| O|  |TAMS 0x0000000080a00000, 0x0000000080900000| Untracked 
|  10|0x0000000080a00000, 0x0000000080b00000, 0x0000000080b00000|100%| O|  |TAMS 0x0000000080b00000, 0x0000000080a00000| Untracked 
|  11|0x0000000080b00000, 0x0000000080c00000, 0x0000000080c00000|100%| O|  |TAMS 0x0000000080c00000, 0x0000000080b00000| Untracked 
|  12|0x0000000080c00000, 0x0000000080d00000, 0x0000000080d00000|100%| O|  |TAMS 0x0000000080d00000, 0x0000000080c00000| Untracked 
|  13|0x0000000080d00000, 0x0000000080e00000, 0x0000000080e00000|100%| O|  |TAMS 0x0000000080e00000, 0x0000000080d00000| Untracked 
|  14|0x0000000080e00000, 0x0000000080f00000, 0x0000000080f00000|100%| O|  |TAMS 0x0000000080f00000, 0x0000000080e00000| Untracked 
|  15|0x0000000080f00000, 0x0000000081000000, 0x0000000081000000|100%| O|  |TAMS 0x0000000081000000, 0x0000000080f00000| Untracked 
|  16|0x0000000081000000, 0x0000000081100000, 0x0000000081100000|100%| O|  |TAMS 0x0000000081100000, 0x0000000081000000| Untracked 
|  17|0x0000000081100000, 0x0000000081200000, 0x0000000081200000|100%| O|  |TAMS 0x0000000081200000, 0x0000000081100000| Untracked 
|  18|0x0000000081200000, 0x0000000081300000, 0x0000000081300000|100%| O|  |TAMS 0x0000000081300000, 0x0000000081200000| Untracked 
|  19|0x0000000081300000, 0x0000000081400000, 0x0000000081400000|100%|HS|  |TAMS 0x0000000081400000, 0x0000000081300000| Complete 
|  20|0x0000000081400000, 0x0000000081500000, 0x0000000081500000|100%|HC|  |TAMS 0x0000000081500000, 0x0000000081400000| Complete 
|  21|0x0000000081500000, 0x0000000081600000, 0x0000000081600000|100%|HS|  |TAMS 0x0000000081600000, 0x0000000081500000| Complete 
|  22|0x0000000081600000, 0x0000000081700000, 0x0000000081700000|100%|HC|  |TAMS 0x0000000081700000, 0x0000000081600000| Complete 
|  23|0x0000000081700000, 0x0000000081800000, 0x0000000081800000|100%|HC|  |TAMS 0x0000000081800000, 0x0000000081700000| Complete 
|  24|0x0000000081800000, 0x0000000081900000, 0x0000000081900000|100%|HS|  |TAMS 0x0000000081900000, 0x0000000081800000| Complete 
|  25|0x0000000081900000, 0x0000000081a00000, 0x0000000081a00000|100%|HC|  |TAMS 0x0000000081a00000, 0x0000000081900000| Complete 
|  26|0x0000000081a00000, 0x0000000081b00000, 0x0000000081b00000|100%|HC|  |TAMS 0x0000000081b00000, 0x0000000081a00000| Complete 
|  27|0x0000000081b00000, 0x0000000081c00000, 0x0000000081c00000|100%|HS|  |TAMS 0x0000000081c00000, 0x0000000081b00000| Complete 
|  28|0x0000000081c00000, 0x0000000081d00000, 0x0000000081d00000|100%|HC|  |TAMS 0x0000000081d00000, 0x0000000081c00000| Complete 
|  29|0x0000000081d00000, 0x0000000081e00000, 0x0000000081e00000|100%|HC|  |TAMS 0x0000000081e00000, 0x0000000081d00000| Complete 
|  30|0x0000000081e00000, 0x0000000081f00000, 0x0000000081f00000|100%|HC|  |TAMS 0x0000000081f00000, 0x0000000081e00000| Complete 
|  31|0x0000000081f00000, 0x0000000082000000, 0x0000000082000000|100%|HC|  |TAMS 0x0000000082000000, 0x0000000081f00000| Complete 
|  32|0x0000000082000000, 0x0000000082100000, 0x0000000082100000|100%|HC|  |TAMS 0x0000000082100000, 0x0000000082000000| Complete 
|  33|0x0000000082100000, 0x0000000082200000, 0x0000000082200000|100%|HC|  |TAMS 0x0000000082200000, 0x0000000082100000| Complete 
|  34|0x0000000082200000, 0x0000000082300000, 0x0000000082300000|100%|HC|  |TAMS 0x0000000082300000, 0x0000000082200000| Complete 
|  35|0x0000000082300000, 0x0000000082400000, 0x0000000082400000|100%|HC|  |TAMS 0x0000000082400000, 0x0000000082300000| Complete 
|  36|0x0000000082400000, 0x0000000082500000, 0x0000000082500000|100%|HC|  |TAMS 0x0000000082500000, 0x0000000082400000| Complete 
|  37|0x0000000082500000, 0x0000000082600000, 0x0000000082600000|100%|HC|  |TAMS 0x0000000082600000, 0x0000000082500000| Complete 
|  38|0x0000000082600000, 0x0000000082700000, 0x0000000082700000|100%|HC|  |TAMS 0x0000000082700000, 0x0000000082600000| Complete 
|  39|0x0000000082700000, 0x0000000082800000, 0x0000000082800000|100%|HS|  |TAMS 0x0000000082800000, 0x0000000082700000| Complete 
|  40|0x0000000082800000, 0x0000000082900000, 0x0000000082900000|100%|HC|  |TAMS 0x0000000082900000, 0x0000000082800000| Complete 
|  41|0x0000000082900000, 0x0000000082a00000, 0x0000000082a00000|100%| O|  |TAMS 0x0000000082a00000, 0x0000000082900000| Untracked 
|  42|0x0000000082a00000, 0x0000000082b00000, 0x0000000082b00000|100%| O|  |TAMS 0x0000000082b00000, 0x0000000082a00000| Untracked 
|  43|0x0000000082b00000, 0x0000000082c00000, 0x0000000082c00000|100%| O|  |TAMS 0x0000000082c00000, 0x0000000082b00000| Untracked 
|  44|0x0000000082c00000, 0x0000000082d00000, 0x0000000082d00000|100%| O|  |TAMS 0x0000000082d00000, 0x0000000082c00000| Untracked 
|  45|0x0000000082d00000, 0x0000000082e00000, 0x0000000082e00000|100%| O|  |TAMS 0x0000000082e00000, 0x0000000082d00000| Untracked 
|  46|0x0000000082e00000, 0x0000000082f00000, 0x0000000082f00000|100%| O|  |TAMS 0x0000000082f00000, 0x0000000082e00000| Untracked 
|  47|0x0000000082f00000, 0x0000000083000000, 0x0000000083000000|100%| O|  |TAMS 0x0000000083000000, 0x0000000082f00000| Untracked 
|  48|0x0000000083000000, 0x0000000083100000, 0x0000000083100000|100%| O|  |TAMS 0x0000000083100000, 0x0000000083000000| Untracked 
|  49|0x0000000083100000, 0x0000000083200000, 0x0000000083200000|100%|HS|  |TAMS 0x0000000083200000, 0x0000000083100000| Complete 
|  50|0x0000000083200000, 0x0000000083300000, 0x0000000083300000|100%|HC|  |TAMS 0x0000000083300000, 0x0000000083200000| Complete 
|  51|0x0000000083300000, 0x0000000083400000, 0x0000000083400000|100%|HC|  |TAMS 0x0000000083400000, 0x0000000083300000| Complete 
|  52|0x0000000083400000, 0x0000000083500000, 0x0000000083500000|100%| O|  |TAMS 0x0000000083500000, 0x0000000083400000| Untracked 
|  53|0x0000000083500000, 0x0000000083600000, 0x0000000083600000|100%| O|  |TAMS 0x0000000083600000, 0x0000000083500000| Untracked 
|  54|0x0000000083600000, 0x0000000083700000, 0x0000000083700000|100%| O|  |TAMS 0x0000000083700000, 0x0000000083600000| Untracked 
|  55|0x0000000083700000, 0x0000000083800000, 0x0000000083800000|100%| O|  |TAMS 0x0000000083800000, 0x0000000083700000| Untracked 
|  56|0x0000000083800000, 0x0000000083900000, 0x0000000083900000|100%| O|  |TAMS 0x0000000083900000, 0x0000000083800000| Untracked 
|  57|0x0000000083900000, 0x0000000083a00000, 0x0000000083a00000|100%| O|  |TAMS 0x0000000083a00000, 0x0000000083900000| Untracked 
|  58|0x0000000083a00000, 0x0000000083b00000, 0x0000000083b00000|100%| O|  |TAMS 0x0000000083b00000, 0x0000000083a00000| Untracked 
|  59|0x0000000083b00000, 0x0000000083c00000, 0x0000000083c00000|100%| O|  |TAMS 0x0000000083c00000, 0x0000000083b00000| Untracked 
|  60|0x0000000083c00000, 0x0000000083d00000, 0x0000000083d00000|100%| O|  |TAMS 0x0000000083d00000, 0x0000000083c00000| Untracked 
|  61|0x0000000083d00000, 0x0000000083e00000, 0x0000000083e00000|100%| O|  |TAMS 0x0000000083e00000, 0x0000000083d00000| Untracked 
|  62|0x0000000083e00000, 0x0000000083f00000, 0x0000000083f00000|100%| O|  |TAMS 0x0000000083f00000, 0x0000000083e00000| Untracked 
|  63|0x0000000083f00000, 0x0000000084000000, 0x0000000084000000|100%| O|  |TAMS 0x0000000084000000, 0x0000000083f00000| Untracked 
|  64|0x0000000084000000, 0x0000000084100000, 0x0000000084100000|100%| O|  |TAMS 0x0000000084100000, 0x0000000084000000| Untracked 
|  65|0x0000000084100000, 0x0000000084200000, 0x0000000084200000|100%| O|  |TAMS 0x0000000084200000, 0x0000000084100000| Untracked 
|  66|0x0000000084200000, 0x0000000084300000, 0x0000000084300000|100%|HS|  |TAMS 0x0000000084300000, 0x0000000084200000| Complete 
|  67|0x0000000084300000, 0x0000000084400000, 0x0000000084400000|100%| O|  |TAMS 0x0000000084400000, 0x0000000084300000| Untracked 
|  68|0x0000000084400000, 0x0000000084500000, 0x0000000084500000|100%|HS|  |TAMS 0x0000000084500000, 0x0000000084400000| Complete 
|  69|0x0000000084500000, 0x0000000084600000, 0x0000000084600000|100%|HC|  |TAMS 0x0000000084600000, 0x0000000084500000| Complete 
|  70|0x0000000084600000, 0x0000000084700000, 0x0000000084700000|100%|HS|  |TAMS 0x0000000084700000, 0x0000000084600000| Complete 
|  71|0x0000000084700000, 0x0000000084800000, 0x0000000084800000|100%|HC|  |TAMS 0x0000000084800000, 0x0000000084700000| Complete 
|  72|0x0000000084800000, 0x0000000084900000, 0x0000000084900000|100%| O|  |TAMS 0x0000000084900000, 0x0000000084800000| Untracked 
|  73|0x0000000084900000, 0x0000000084a00000, 0x0000000084a00000|100%| O|  |TAMS 0x0000000084a00000, 0x0000000084900000| Untracked 
|  74|0x0000000084a00000, 0x0000000084b00000, 0x0000000084b00000|100%|HS|  |TAMS 0x0000000084b00000, 0x0000000084a00000| Complete 
|  75|0x0000000084b00000, 0x0000000084c00000, 0x0000000084c00000|100%|HC|  |TAMS 0x0000000084c00000, 0x0000000084b00000| Complete 
|  76|0x0000000084c00000, 0x0000000084d00000, 0x0000000084d00000|100%|HC|  |TAMS 0x0000000084d00000, 0x0000000084c00000| Complete 
|  77|0x0000000084d00000, 0x0000000084e00000, 0x0000000084e00000|100%|HC|  |TAMS 0x0000000084e00000, 0x0000000084d00000| Complete 
|  78|0x0000000084e00000, 0x0000000084f00000, 0x0000000084f00000|100%| O|  |TAMS 0x0000000084f00000, 0x0000000084e00000| Untracked 
|  79|0x0000000084f00000, 0x0000000085000000, 0x0000000085000000|100%| O|  |TAMS 0x0000000085000000, 0x0000000084f00000| Untracked 
|  80|0x0000000085000000, 0x0000000085000000, 0x0000000085100000|  0%| F|  |TAMS 0x0000000085000000, 0x0000000085000000| Untracked 
|  81|0x0000000085100000, 0x0000000085200000, 0x0000000085200000|100%| O|  |TAMS 0x0000000085100000, 0x0000000085100000| Untracked 
|  82|0x0000000085200000, 0x0000000085200000, 0x0000000085300000|  0%| F|  |TAMS 0x0000000085200000, 0x0000000085200000| Untracked 
|  83|0x0000000085300000, 0x0000000085400000, 0x0000000085400000|100%| O|  |TAMS 0x0000000085400000, 0x0000000085300000| Untracked 
|  84|0x0000000085400000, 0x0000000085500000, 0x0000000085500000|100%| O|  |TAMS 0x0000000085500000, 0x0000000085400000| Untracked 
|  85|0x0000000085500000, 0x0000000085600000, 0x0000000085600000|100%|HS|  |TAMS 0x0000000085600000, 0x0000000085500000| Complete 
|  86|0x0000000085600000, 0x0000000085700000, 0x0000000085700000|100%|HC|  |TAMS 0x0000000085700000, 0x0000000085600000| Complete 
|  87|0x0000000085700000, 0x0000000085800000, 0x0000000085800000|100%|HC|  |TAMS 0x0000000085800000, 0x0000000085700000| Complete 
|  88|0x0000000085800000, 0x0000000085900000, 0x0000000085900000|100%|HC|  |TAMS 0x0000000085900000, 0x0000000085800000| Complete 
|  89|0x0000000085900000, 0x0000000085a00000, 0x0000000085a00000|100%|HS|  |TAMS 0x0000000085a00000, 0x0000000085900000| Complete 
|  90|0x0000000085a00000, 0x0000000085b00000, 0x0000000085b00000|100%|HS|  |TAMS 0x0000000085b00000, 0x0000000085a00000| Complete 
|  91|0x0000000085b00000, 0x0000000085c00000, 0x0000000085c00000|100%| O|  |TAMS 0x0000000085c00000, 0x0000000085b00000| Untracked 
|  92|0x0000000085c00000, 0x0000000085d00000, 0x0000000085d00000|100%|HS|  |TAMS 0x0000000085d00000, 0x0000000085c00000| Complete 
|  93|0x0000000085d00000, 0x0000000085e00000, 0x0000000085e00000|100%| O|  |TAMS 0x0000000085e00000, 0x0000000085d00000| Untracked 
|  94|0x0000000085e00000, 0x0000000085f00000, 0x0000000085f00000|100%| O|  |TAMS 0x0000000085f00000, 0x0000000085e00000| Untracked 
|  95|0x0000000085f00000, 0x0000000086000000, 0x0000000086000000|100%| O|  |TAMS 0x0000000086000000, 0x0000000085f00000| Untracked 
|  96|0x0000000086000000, 0x0000000086100000, 0x0000000086100000|100%| O|  |TAMS 0x0000000086100000, 0x0000000086000000| Untracked 
|  97|0x0000000086100000, 0x0000000086200000, 0x0000000086200000|100%| O|  |TAMS 0x0000000086200000, 0x0000000086100000| Untracked 
|  98|0x0000000086200000, 0x0000000086300000, 0x0000000086300000|100%| O|  |TAMS 0x0000000086300000, 0x0000000086200000| Untracked 
|  99|0x0000000086300000, 0x0000000086400000, 0x0000000086400000|100%| O|  |TAMS 0x0000000086400000, 0x0000000086300000| Untracked 
| 100|0x0000000086400000, 0x0000000086500000, 0x0000000086500000|100%| O|  |TAMS 0x0000000086500000, 0x0000000086400000| Untracked 
| 101|0x0000000086500000, 0x0000000086600000, 0x0000000086600000|100%| O|  |TAMS 0x0000000086600000, 0x0000000086500000| Untracked 
| 102|0x0000000086600000, 0x0000000086700000, 0x0000000086700000|100%| O|  |TAMS 0x0000000086700000, 0x0000000086600000| Untracked 
| 103|0x0000000086700000, 0x0000000086800000, 0x0000000086800000|100%| O|  |TAMS 0x0000000086800000, 0x0000000086700000| Untracked 
| 104|0x0000000086800000, 0x0000000086900000, 0x0000000086900000|100%| O|  |TAMS 0x0000000086900000, 0x0000000086800000| Untracked 
| 105|0x0000000086900000, 0x0000000086a00000, 0x0000000086a00000|100%| O|  |TAMS 0x0000000086a00000, 0x0000000086900000| Untracked 
| 106|0x0000000086a00000, 0x0000000086b00000, 0x0000000086b00000|100%| O|  |TAMS 0x0000000086b00000, 0x0000000086a00000| Untracked 
| 107|0x0000000086b00000, 0x0000000086c00000, 0x0000000086c00000|100%| O|  |TAMS 0x0000000086c00000, 0x0000000086b00000| Untracked 
| 108|0x0000000086c00000, 0x0000000086d00000, 0x0000000086d00000|100%| O|  |TAMS 0x0000000086d00000, 0x0000000086c00000| Untracked 
| 109|0x0000000086d00000, 0x0000000086e00000, 0x0000000086e00000|100%| O|  |TAMS 0x0000000086e00000, 0x0000000086d00000| Untracked 
| 110|0x0000000086e00000, 0x0000000086f00000, 0x0000000086f00000|100%| O|  |TAMS 0x0000000086f00000, 0x0000000086e00000| Untracked 
| 111|0x0000000086f00000, 0x0000000087000000, 0x0000000087000000|100%| O|  |TAMS 0x0000000087000000, 0x0000000086f00000| Untracked 
| 112|0x0000000087000000, 0x0000000087100000, 0x0000000087100000|100%| O|  |TAMS 0x0000000087100000, 0x0000000087000000| Untracked 
| 113|0x0000000087100000, 0x0000000087200000, 0x0000000087200000|100%| O|  |TAMS 0x0000000087200000, 0x0000000087100000| Untracked 
| 114|0x0000000087200000, 0x0000000087300000, 0x0000000087300000|100%| O|  |TAMS 0x0000000087300000, 0x0000000087200000| Untracked 
| 115|0x0000000087300000, 0x0000000087400000, 0x0000000087400000|100%| O|  |TAMS 0x0000000087400000, 0x0000000087300000| Untracked 
| 116|0x0000000087400000, 0x0000000087500000, 0x0000000087500000|100%| O|  |TAMS 0x0000000087500000, 0x0000000087400000| Untracked 
| 117|0x0000000087500000, 0x0000000087600000, 0x0000000087600000|100%| O|  |TAMS 0x0000000087600000, 0x0000000087500000| Untracked 
| 118|0x0000000087600000, 0x0000000087700000, 0x0000000087700000|100%| O|  |TAMS 0x0000000087700000, 0x0000000087600000| Untracked 
| 119|0x0000000087700000, 0x0000000087800000, 0x0000000087800000|100%| O|  |TAMS 0x0000000087757600, 0x0000000087700000| Untracked 
| 120|0x0000000087800000, 0x0000000087900000, 0x0000000087900000|100%| O|  |TAMS 0x0000000087800000, 0x0000000087800000| Untracked 
| 121|0x0000000087900000, 0x0000000087a00000, 0x0000000087a00000|100%| O|  |TAMS 0x0000000087900000, 0x0000000087900000| Untracked 
| 122|0x0000000087a00000, 0x0000000087b00000, 0x0000000087b00000|100%| O|  |TAMS 0x0000000087a00000, 0x0000000087a00000| Untracked 
| 123|0x0000000087b00000, 0x0000000087c00000, 0x0000000087c00000|100%| O|  |TAMS 0x0000000087b00000, 0x0000000087b00000| Untracked 
| 124|0x0000000087c00000, 0x0000000087d00000, 0x0000000087d00000|100%| O|  |TAMS 0x0000000087c00000, 0x0000000087c00000| Untracked 
| 125|0x0000000087d00000, 0x0000000087e00000, 0x0000000087e00000|100%|HS|  |TAMS 0x0000000087d00000, 0x0000000087d00000| Complete 
| 126|0x0000000087e00000, 0x0000000087f00000, 0x0000000087f00000|100%|HS|  |TAMS 0x0000000087e00000, 0x0000000087e00000| Complete 
| 127|0x0000000087f00000, 0x0000000088000000, 0x0000000088000000|100%|HS|  |TAMS 0x0000000087f00000, 0x0000000087f00000| Complete 
| 128|0x0000000088000000, 0x0000000088100000, 0x0000000088100000|100%|HC|  |TAMS 0x0000000088000000, 0x0000000088000000| Complete 
| 129|0x0000000088100000, 0x0000000088200000, 0x0000000088200000|100%|HS|  |TAMS 0x0000000088100000, 0x0000000088100000| Complete 
| 130|0x0000000088200000, 0x0000000088300000, 0x0000000088300000|100%|HS|  |TAMS 0x0000000088200000, 0x0000000088200000| Complete 
| 131|0x0000000088300000, 0x0000000088400000, 0x0000000088400000|100%|HS|  |TAMS 0x0000000088300000, 0x0000000088300000| Complete 
| 132|0x0000000088400000, 0x0000000088500000, 0x0000000088500000|100%| O|  |TAMS 0x0000000088400000, 0x0000000088400000| Untracked 
| 133|0x0000000088500000, 0x0000000088600000, 0x0000000088600000|100%| O|  |TAMS 0x0000000088500000, 0x0000000088500000| Untracked 
| 134|0x0000000088600000, 0x0000000088700000, 0x0000000088700000|100%| O|  |TAMS 0x0000000088600000, 0x0000000088600000| Untracked 
| 135|0x0000000088700000, 0x0000000088800000, 0x0000000088800000|100%| O|  |TAMS 0x0000000088700000, 0x0000000088700000| Untracked 
| 136|0x0000000088800000, 0x0000000088900000, 0x0000000088900000|100%| O|  |TAMS 0x0000000088800000, 0x0000000088800000| Untracked 
| 137|0x0000000088900000, 0x0000000088a00000, 0x0000000088a00000|100%| O|  |TAMS 0x0000000088900000, 0x0000000088900000| Untracked 
| 138|0x0000000088a00000, 0x0000000088b00000, 0x0000000088b00000|100%| O|  |TAMS 0x0000000088a00000, 0x0000000088a00000| Untracked 
| 139|0x0000000088b00000, 0x0000000088c00000, 0x0000000088c00000|100%| O|  |TAMS 0x0000000088b00000, 0x0000000088b00000| Untracked 
| 140|0x0000000088c00000, 0x0000000088d00000, 0x0000000088d00000|100%| O|  |TAMS 0x0000000088c00000, 0x0000000088c00000| Untracked 
| 141|0x0000000088d00000, 0x0000000088e00000, 0x0000000088e00000|100%| O|  |TAMS 0x0000000088d00000, 0x0000000088d00000| Untracked 
| 142|0x0000000088e00000, 0x0000000088f00000, 0x0000000088f00000|100%| O|  |TAMS 0x0000000088e00000, 0x0000000088e00000| Untracked 
| 143|0x0000000088f00000, 0x0000000089000000, 0x0000000089000000|100%| O|  |TAMS 0x0000000088f00000, 0x0000000088f00000| Untracked 
| 144|0x0000000089000000, 0x0000000089100000, 0x0000000089100000|100%| O|  |TAMS 0x0000000089000000, 0x0000000089000000| Untracked 
| 145|0x0000000089100000, 0x0000000089200000, 0x0000000089200000|100%| O|  |TAMS 0x0000000089100000, 0x0000000089100000| Untracked 
| 146|0x0000000089200000, 0x0000000089300000, 0x0000000089300000|100%| O|  |TAMS 0x0000000089200000, 0x0000000089200000| Untracked 
| 147|0x0000000089300000, 0x0000000089400000, 0x0000000089400000|100%| O|  |TAMS 0x0000000089300000, 0x0000000089300000| Untracked 
| 148|0x0000000089400000, 0x0000000089500000, 0x0000000089500000|100%| O|  |TAMS 0x0000000089400000, 0x0000000089400000| Untracked 
| 149|0x0000000089500000, 0x0000000089600000, 0x0000000089600000|100%| O|  |TAMS 0x0000000089500000, 0x0000000089500000| Untracked 
| 150|0x0000000089600000, 0x0000000089700000, 0x0000000089700000|100%| O|  |TAMS 0x0000000089600000, 0x0000000089600000| Untracked 
| 151|0x0000000089700000, 0x0000000089800000, 0x0000000089800000|100%| O|  |TAMS 0x0000000089700000, 0x0000000089700000| Untracked 
| 152|0x0000000089800000, 0x0000000089900000, 0x0000000089900000|100%| O|  |TAMS 0x0000000089800000, 0x0000000089800000| Untracked 
| 153|0x0000000089900000, 0x0000000089a00000, 0x0000000089a00000|100%| O|  |TAMS 0x0000000089900000, 0x0000000089900000| Untracked 
| 154|0x0000000089a00000, 0x0000000089b00000, 0x0000000089b00000|100%| O|  |TAMS 0x0000000089a00000, 0x0000000089a00000| Untracked 
| 155|0x0000000089b00000, 0x0000000089c00000, 0x0000000089c00000|100%| O|  |TAMS 0x0000000089b00000, 0x0000000089b00000| Untracked 
| 156|0x0000000089c00000, 0x0000000089d00000, 0x0000000089d00000|100%| O|  |TAMS 0x0000000089c00000, 0x0000000089c00000| Untracked 
| 157|0x0000000089d00000, 0x0000000089e00000, 0x0000000089e00000|100%| O|  |TAMS 0x0000000089d00000, 0x0000000089d00000| Untracked 
| 158|0x0000000089e00000, 0x0000000089f00000, 0x0000000089f00000|100%| O|  |TAMS 0x0000000089e00000, 0x0000000089e00000| Untracked 
| 159|0x0000000089f00000, 0x000000008a000000, 0x000000008a000000|100%| O|  |TAMS 0x0000000089f00000, 0x0000000089f00000| Untracked 
| 160|0x000000008a000000, 0x000000008a100000, 0x000000008a100000|100%| O|  |TAMS 0x000000008a000000, 0x000000008a000000| Untracked 
| 161|0x000000008a100000, 0x000000008a200000, 0x000000008a200000|100%| O|  |TAMS 0x000000008a100000, 0x000000008a100000| Untracked 
| 162|0x000000008a200000, 0x000000008a300000, 0x000000008a300000|100%| O|  |TAMS 0x000000008a200000, 0x000000008a200000| Untracked 
| 163|0x000000008a300000, 0x000000008a400000, 0x000000008a400000|100%| O|  |TAMS 0x000000008a300000, 0x000000008a300000| Untracked 
| 164|0x000000008a400000, 0x000000008a500000, 0x000000008a500000|100%| O|  |TAMS 0x000000008a400000, 0x000000008a400000| Untracked 
| 165|0x000000008a500000, 0x000000008a600000, 0x000000008a600000|100%| O|  |TAMS 0x000000008a500000, 0x000000008a500000| Untracked 
| 166|0x000000008a600000, 0x000000008a700000, 0x000000008a700000|100%| O|  |TAMS 0x000000008a600000, 0x000000008a600000| Untracked 
| 167|0x000000008a700000, 0x000000008a800000, 0x000000008a800000|100%| O|  |TAMS 0x000000008a700000, 0x000000008a700000| Untracked 
| 168|0x000000008a800000, 0x000000008a900000, 0x000000008a900000|100%| O|  |TAMS 0x000000008a800000, 0x000000008a800000| Untracked 
| 169|0x000000008a900000, 0x000000008aa00000, 0x000000008aa00000|100%| O|  |TAMS 0x000000008a900000, 0x000000008a900000| Untracked 
| 170|0x000000008aa00000, 0x000000008ab00000, 0x000000008ab00000|100%| O|  |TAMS 0x000000008aa00000, 0x000000008aa00000| Untracked 
| 171|0x000000008ab00000, 0x000000008ab80000, 0x000000008ac00000| 50%| O|  |TAMS 0x000000008ab00000, 0x000000008ab00000| Untracked 
| 172|0x000000008ac00000, 0x000000008ac00000, 0x000000008ad00000|  0%| F|  |TAMS 0x000000008ac00000, 0x000000008ac00000| Untracked 
| 173|0x000000008ad00000, 0x000000008ad00000, 0x000000008ae00000|  0%| F|  |TAMS 0x000000008ad00000, 0x000000008ad00000| Untracked 
| 174|0x000000008ae00000, 0x000000008ae00000, 0x000000008af00000|  0%| F|  |TAMS 0x000000008ae00000, 0x000000008ae00000| Untracked 
| 175|0x000000008af00000, 0x000000008af00000, 0x000000008b000000|  0%| F|  |TAMS 0x000000008af00000, 0x000000008af00000| Untracked 
| 176|0x000000008b000000, 0x000000008b000000, 0x000000008b100000|  0%| F|  |TAMS 0x000000008b000000, 0x000000008b000000| Untracked 
| 177|0x000000008b100000, 0x000000008b100000, 0x000000008b200000|  0%| F|  |TAMS 0x000000008b100000, 0x000000008b100000| Untracked 
| 178|0x000000008b200000, 0x000000008b200000, 0x000000008b300000|  0%| F|  |TAMS 0x000000008b200000, 0x000000008b200000| Untracked 
| 179|0x000000008b300000, 0x000000008b300000, 0x000000008b400000|  0%| F|  |TAMS 0x000000008b300000, 0x000000008b300000| Untracked 
| 180|0x000000008b400000, 0x000000008b400000, 0x000000008b500000|  0%| F|  |TAMS 0x000000008b400000, 0x000000008b400000| Untracked 
| 181|0x000000008b500000, 0x000000008b500000, 0x000000008b600000|  0%| F|  |TAMS 0x000000008b500000, 0x000000008b500000| Untracked 
| 182|0x000000008b600000, 0x000000008b600000, 0x000000008b700000|  0%| F|  |TAMS 0x000000008b600000, 0x000000008b600000| Untracked 
| 183|0x000000008b700000, 0x000000008b700000, 0x000000008b800000|  0%| F|  |TAMS 0x000000008b700000, 0x000000008b700000| Untracked 
| 184|0x000000008b800000, 0x000000008b800000, 0x000000008b900000|  0%| F|  |TAMS 0x000000008b800000, 0x000000008b800000| Untracked 
| 185|0x000000008b900000, 0x000000008b900000, 0x000000008ba00000|  0%| F|  |TAMS 0x000000008b900000, 0x000000008b900000| Untracked 
| 186|0x000000008ba00000, 0x000000008ba00000, 0x000000008bb00000|  0%| F|  |TAMS 0x000000008ba00000, 0x000000008ba00000| Untracked 
| 187|0x000000008bb00000, 0x000000008bb00000, 0x000000008bc00000|  0%| F|  |TAMS 0x000000008bb00000, 0x000000008bb00000| Untracked 
| 188|0x000000008bc00000, 0x000000008bc00000, 0x000000008bd00000|  0%| F|  |TAMS 0x000000008bc00000, 0x000000008bc00000| Untracked 
| 189|0x000000008bd00000, 0x000000008bd00000, 0x000000008be00000|  0%| F|  |TAMS 0x000000008bd00000, 0x000000008bd00000| Untracked 
| 190|0x000000008be00000, 0x000000008be00000, 0x000000008bf00000|  0%| F|  |TAMS 0x000000008be00000, 0x000000008be00000| Untracked 
| 191|0x000000008bf00000, 0x000000008bf00000, 0x000000008c000000|  0%| F|  |TAMS 0x000000008bf00000, 0x000000008bf00000| Untracked 
| 192|0x000000008c000000, 0x000000008c000000, 0x000000008c100000|  0%| F|  |TAMS 0x000000008c000000, 0x000000008c000000| Untracked 
| 193|0x000000008c100000, 0x000000008c100000, 0x000000008c200000|  0%| F|  |TAMS 0x000000008c100000, 0x000000008c100000| Untracked 
| 194|0x000000008c200000, 0x000000008c200000, 0x000000008c300000|  0%| F|  |TAMS 0x000000008c200000, 0x000000008c200000| Untracked 
| 195|0x000000008c300000, 0x000000008c300000, 0x000000008c400000|  0%| F|  |TAMS 0x000000008c300000, 0x000000008c300000| Untracked 
| 196|0x000000008c400000, 0x000000008c400000, 0x000000008c500000|  0%| F|  |TAMS 0x000000008c400000, 0x000000008c400000| Untracked 
| 197|0x000000008c500000, 0x000000008c500000, 0x000000008c600000|  0%| F|  |TAMS 0x000000008c500000, 0x000000008c500000| Untracked 
| 198|0x000000008c600000, 0x000000008c600000, 0x000000008c700000|  0%| F|  |TAMS 0x000000008c600000, 0x000000008c600000| Untracked 
| 199|0x000000008c700000, 0x000000008c700000, 0x000000008c800000|  0%| F|  |TAMS 0x000000008c700000, 0x000000008c700000| Untracked 
| 200|0x000000008c800000, 0x000000008c800000, 0x000000008c900000|  0%| F|  |TAMS 0x000000008c800000, 0x000000008c800000| Untracked 
| 201|0x000000008c900000, 0x000000008c900000, 0x000000008ca00000|  0%| F|  |TAMS 0x000000008c900000, 0x000000008c900000| Untracked 
| 202|0x000000008ca00000, 0x000000008ca00000, 0x000000008cb00000|  0%| F|  |TAMS 0x000000008ca00000, 0x000000008ca00000| Untracked 
| 203|0x000000008cb00000, 0x000000008cb00000, 0x000000008cc00000|  0%| F|  |TAMS 0x000000008cb00000, 0x000000008cb00000| Untracked 
| 204|0x000000008cc00000, 0x000000008cc00000, 0x000000008cd00000|  0%| F|  |TAMS 0x000000008cc00000, 0x000000008cc00000| Untracked 
| 205|0x000000008cd00000, 0x000000008cd00000, 0x000000008ce00000|  0%| F|  |TAMS 0x000000008cd00000, 0x000000008cd00000| Untracked 
| 206|0x000000008ce00000, 0x000000008ce00000, 0x000000008cf00000|  0%| F|  |TAMS 0x000000008ce00000, 0x000000008ce00000| Untracked 
| 207|0x000000008cf00000, 0x000000008cf00000, 0x000000008d000000|  0%| F|  |TAMS 0x000000008cf00000, 0x000000008cf00000| Untracked 
| 208|0x000000008d000000, 0x000000008d000000, 0x000000008d100000|  0%| F|  |TAMS 0x000000008d000000, 0x000000008d000000| Untracked 
| 209|0x000000008d100000, 0x000000008d100000, 0x000000008d200000|  0%| F|  |TAMS 0x000000008d100000, 0x000000008d100000| Untracked 
| 210|0x000000008d200000, 0x000000008d200000, 0x000000008d300000|  0%| F|  |TAMS 0x000000008d200000, 0x000000008d200000| Untracked 
| 211|0x000000008d300000, 0x000000008d300000, 0x000000008d400000|  0%| F|  |TAMS 0x000000008d300000, 0x000000008d300000| Untracked 
| 212|0x000000008d400000, 0x000000008d400000, 0x000000008d500000|  0%| F|  |TAMS 0x000000008d400000, 0x000000008d400000| Untracked 
| 213|0x000000008d500000, 0x000000008d500000, 0x000000008d600000|  0%| F|  |TAMS 0x000000008d500000, 0x000000008d500000| Untracked 
| 214|0x000000008d600000, 0x000000008d600000, 0x000000008d700000|  0%| F|  |TAMS 0x000000008d600000, 0x000000008d600000| Untracked 
| 215|0x000000008d700000, 0x000000008d700000, 0x000000008d800000|  0%| F|  |TAMS 0x000000008d700000, 0x000000008d700000| Untracked 
| 216|0x000000008d800000, 0x000000008d800000, 0x000000008d900000|  0%| F|  |TAMS 0x000000008d800000, 0x000000008d800000| Untracked 
| 217|0x000000008d900000, 0x000000008d900000, 0x000000008da00000|  0%| F|  |TAMS 0x000000008d900000, 0x000000008d900000| Untracked 
| 218|0x000000008da00000, 0x000000008da00000, 0x000000008db00000|  0%| F|  |TAMS 0x000000008da00000, 0x000000008da00000| Untracked 
| 219|0x000000008db00000, 0x000000008db00000, 0x000000008dc00000|  0%| F|  |TAMS 0x000000008db00000, 0x000000008db00000| Untracked 
| 220|0x000000008dc00000, 0x000000008dc00000, 0x000000008dd00000|  0%| F|  |TAMS 0x000000008dc00000, 0x000000008dc00000| Untracked 
| 221|0x000000008dd00000, 0x000000008dd00000, 0x000000008de00000|  0%| F|  |TAMS 0x000000008dd00000, 0x000000008dd00000| Untracked 
| 222|0x000000008de00000, 0x000000008de00000, 0x000000008df00000|  0%| F|  |TAMS 0x000000008de00000, 0x000000008de00000| Untracked 
| 223|0x000000008df00000, 0x000000008df00000, 0x000000008e000000|  0%| F|  |TAMS 0x000000008df00000, 0x000000008df00000| Untracked 
| 224|0x000000008e000000, 0x000000008e0c7b48, 0x000000008e100000| 78%| S|CS|TAMS 0x000000008e000000, 0x000000008e000000| Complete 
| 225|0x000000008e100000, 0x000000008e200000, 0x000000008e200000|100%| S|CS|TAMS 0x000000008e100000, 0x000000008e100000| Complete 
| 226|0x000000008e200000, 0x000000008e300000, 0x000000008e300000|100%| S|CS|TAMS 0x000000008e200000, 0x000000008e200000| Complete 
| 227|0x000000008e300000, 0x000000008e400000, 0x000000008e400000|100%| S|CS|TAMS 0x000000008e300000, 0x000000008e300000| Complete 
| 228|0x000000008e400000, 0x000000008e500000, 0x000000008e500000|100%| S|CS|TAMS 0x000000008e400000, 0x000000008e400000| Complete 
| 229|0x000000008e500000, 0x000000008e500000, 0x000000008e600000|  0%| F|  |TAMS 0x000000008e500000, 0x000000008e500000| Untracked 
| 230|0x000000008e600000, 0x000000008e600000, 0x000000008e700000|  0%| F|  |TAMS 0x000000008e600000, 0x000000008e600000| Untracked 
| 231|0x000000008e700000, 0x000000008e700000, 0x000000008e800000|  0%| F|  |TAMS 0x000000008e700000, 0x000000008e700000| Untracked 
| 232|0x000000008e800000, 0x000000008e800000, 0x000000008e900000|  0%| F|  |TAMS 0x000000008e800000, 0x000000008e800000| Untracked 
| 233|0x000000008e900000, 0x000000008e900000, 0x000000008ea00000|  0%| F|  |TAMS 0x000000008e900000, 0x000000008e900000| Untracked 
| 234|0x000000008ea00000, 0x000000008ea00000, 0x000000008eb00000|  0%| F|  |TAMS 0x000000008ea00000, 0x000000008ea00000| Untracked 
| 235|0x000000008eb00000, 0x000000008eb00000, 0x000000008ec00000|  0%| F|  |TAMS 0x000000008eb00000, 0x000000008eb00000| Untracked 
| 236|0x000000008ec00000, 0x000000008ec00000, 0x000000008ed00000|  0%| F|  |TAMS 0x000000008ec00000, 0x000000008ec00000| Untracked 
| 237|0x000000008ed00000, 0x000000008ed00000, 0x000000008ee00000|  0%| F|  |TAMS 0x000000008ed00000, 0x000000008ed00000| Untracked 
| 238|0x000000008ee00000, 0x000000008ee00000, 0x000000008ef00000|  0%| F|  |TAMS 0x000000008ee00000, 0x000000008ee00000| Untracked 
| 239|0x000000008ef00000, 0x000000008ef00000, 0x000000008f000000|  0%| F|  |TAMS 0x000000008ef00000, 0x000000008ef00000| Untracked 
| 240|0x000000008f000000, 0x000000008f000000, 0x000000008f100000|  0%| F|  |TAMS 0x000000008f000000, 0x000000008f000000| Untracked 
| 241|0x000000008f100000, 0x000000008f100000, 0x000000008f200000|  0%| F|  |TAMS 0x000000008f100000, 0x000000008f100000| Untracked 
| 242|0x000000008f200000, 0x000000008f200000, 0x000000008f300000|  0%| F|  |TAMS 0x000000008f200000, 0x000000008f200000| Untracked 
| 243|0x000000008f300000, 0x000000008f300000, 0x000000008f400000|  0%| F|  |TAMS 0x000000008f300000, 0x000000008f300000| Untracked 
| 244|0x000000008f400000, 0x000000008f400000, 0x000000008f500000|  0%| F|  |TAMS 0x000000008f400000, 0x000000008f400000| Untracked 
| 245|0x000000008f500000, 0x000000008f500000, 0x000000008f600000|  0%| F|  |TAMS 0x000000008f500000, 0x000000008f500000| Untracked 
| 246|0x000000008f600000, 0x000000008f600000, 0x000000008f700000|  0%| F|  |TAMS 0x000000008f600000, 0x000000008f600000| Untracked 
| 247|0x000000008f700000, 0x000000008f700000, 0x000000008f800000|  0%| F|  |TAMS 0x000000008f700000, 0x000000008f700000| Untracked 
| 248|0x000000008f800000, 0x000000008f800000, 0x000000008f900000|  0%| F|  |TAMS 0x000000008f800000, 0x000000008f800000| Untracked 
| 249|0x000000008f900000, 0x000000008f900000, 0x000000008fa00000|  0%| F|  |TAMS 0x000000008f900000, 0x000000008f900000| Untracked 
| 250|0x000000008fa00000, 0x000000008fa00000, 0x000000008fb00000|  0%| F|  |TAMS 0x000000008fa00000, 0x000000008fa00000| Untracked 
| 251|0x000000008fb00000, 0x000000008fb00000, 0x000000008fc00000|  0%| F|  |TAMS 0x000000008fb00000, 0x000000008fb00000| Untracked 
| 252|0x000000008fc00000, 0x000000008fc00000, 0x000000008fd00000|  0%| F|  |TAMS 0x000000008fc00000, 0x000000008fc00000| Untracked 
| 253|0x000000008fd00000, 0x000000008fd00000, 0x000000008fe00000|  0%| F|  |TAMS 0x000000008fd00000, 0x000000008fd00000| Untracked 
| 254|0x000000008fe00000, 0x000000008fe00000, 0x000000008ff00000|  0%| F|  |TAMS 0x000000008fe00000, 0x000000008fe00000| Untracked 
| 255|0x000000008ff00000, 0x000000008ff00000, 0x0000000090000000|  0%| F|  |TAMS 0x000000008ff00000, 0x000000008ff00000| Untracked 
| 256|0x0000000090000000, 0x0000000090000000, 0x0000000090100000|  0%| F|  |TAMS 0x0000000090000000, 0x0000000090000000| Untracked 
| 257|0x0000000090100000, 0x0000000090100000, 0x0000000090200000|  0%| F|  |TAMS 0x0000000090100000, 0x0000000090100000| Untracked 
| 258|0x0000000090200000, 0x0000000090200000, 0x0000000090300000|  0%| F|  |TAMS 0x0000000090200000, 0x0000000090200000| Untracked 
| 259|0x0000000090300000, 0x0000000090300000, 0x0000000090400000|  0%| F|  |TAMS 0x0000000090300000, 0x0000000090300000| Untracked 
| 260|0x0000000090400000, 0x0000000090400000, 0x0000000090500000|  0%| F|  |TAMS 0x0000000090400000, 0x0000000090400000| Untracked 
| 261|0x0000000090500000, 0x0000000090500000, 0x0000000090600000|  0%| F|  |TAMS 0x0000000090500000, 0x0000000090500000| Untracked 
| 262|0x0000000090600000, 0x0000000090600000, 0x0000000090700000|  0%| F|  |TAMS 0x0000000090600000, 0x0000000090600000| Untracked 
| 263|0x0000000090700000, 0x0000000090700000, 0x0000000090800000|  0%| F|  |TAMS 0x0000000090700000, 0x0000000090700000| Untracked 
| 264|0x0000000090800000, 0x0000000090800000, 0x0000000090900000|  0%| F|  |TAMS 0x0000000090800000, 0x0000000090800000| Untracked 
| 265|0x0000000090900000, 0x0000000090900000, 0x0000000090a00000|  0%| F|  |TAMS 0x0000000090900000, 0x0000000090900000| Untracked 
| 266|0x0000000090a00000, 0x0000000090a00000, 0x0000000090b00000|  0%| F|  |TAMS 0x0000000090a00000, 0x0000000090a00000| Untracked 
| 267|0x0000000090b00000, 0x0000000090b00000, 0x0000000090c00000|  0%| F|  |TAMS 0x0000000090b00000, 0x0000000090b00000| Untracked 
| 268|0x0000000090c00000, 0x0000000090c00000, 0x0000000090d00000|  0%| F|  |TAMS 0x0000000090c00000, 0x0000000090c00000| Untracked 
| 269|0x0000000090d00000, 0x0000000090d00000, 0x0000000090e00000|  0%| F|  |TAMS 0x0000000090d00000, 0x0000000090d00000| Untracked 
| 270|0x0000000090e00000, 0x0000000090e00000, 0x0000000090f00000|  0%| F|  |TAMS 0x0000000090e00000, 0x0000000090e00000| Untracked 
| 271|0x0000000090f00000, 0x0000000090f00000, 0x0000000091000000|  0%| F|  |TAMS 0x0000000090f00000, 0x0000000090f00000| Untracked 
| 272|0x0000000091000000, 0x0000000091000000, 0x0000000091100000|  0%| F|  |TAMS 0x0000000091000000, 0x0000000091000000| Untracked 
| 273|0x0000000091100000, 0x0000000091100000, 0x0000000091200000|  0%| F|  |TAMS 0x0000000091100000, 0x0000000091100000| Untracked 
| 274|0x0000000091200000, 0x0000000091200000, 0x0000000091300000|  0%| F|  |TAMS 0x0000000091200000, 0x0000000091200000| Untracked 
| 275|0x0000000091300000, 0x0000000091300000, 0x0000000091400000|  0%| F|  |TAMS 0x0000000091300000, 0x0000000091300000| Untracked 
| 276|0x0000000091400000, 0x0000000091400000, 0x0000000091500000|  0%| F|  |TAMS 0x0000000091400000, 0x0000000091400000| Untracked 
| 277|0x0000000091500000, 0x0000000091500000, 0x0000000091600000|  0%| F|  |TAMS 0x0000000091500000, 0x0000000091500000| Untracked 
| 278|0x0000000091600000, 0x0000000091600000, 0x0000000091700000|  0%| F|  |TAMS 0x0000000091600000, 0x0000000091600000| Untracked 
| 279|0x0000000091700000, 0x0000000091700000, 0x0000000091800000|  0%| F|  |TAMS 0x0000000091700000, 0x0000000091700000| Untracked 
| 280|0x0000000091800000, 0x0000000091800000, 0x0000000091900000|  0%| F|  |TAMS 0x0000000091800000, 0x0000000091800000| Untracked 
| 281|0x0000000091900000, 0x0000000091900000, 0x0000000091a00000|  0%| F|  |TAMS 0x0000000091900000, 0x0000000091900000| Untracked 
| 282|0x0000000091a00000, 0x0000000091a00000, 0x0000000091b00000|  0%| F|  |TAMS 0x0000000091a00000, 0x0000000091a00000| Untracked 
| 283|0x0000000091b00000, 0x0000000091b00000, 0x0000000091c00000|  0%| F|  |TAMS 0x0000000091b00000, 0x0000000091b00000| Untracked 
| 284|0x0000000091c00000, 0x0000000091c00000, 0x0000000091d00000|  0%| F|  |TAMS 0x0000000091c00000, 0x0000000091c00000| Untracked 
| 285|0x0000000091d00000, 0x0000000091d00000, 0x0000000091e00000|  0%| F|  |TAMS 0x0000000091d00000, 0x0000000091d00000| Untracked 
| 286|0x0000000091e00000, 0x0000000091e00000, 0x0000000091f00000|  0%| F|  |TAMS 0x0000000091e00000, 0x0000000091e00000| Untracked 
| 287|0x0000000091f00000, 0x0000000091f00000, 0x0000000092000000|  0%| F|  |TAMS 0x0000000091f00000, 0x0000000091f00000| Untracked 
| 288|0x0000000092000000, 0x0000000092000000, 0x0000000092100000|  0%| F|  |TAMS 0x0000000092000000, 0x0000000092000000| Untracked 
| 289|0x0000000092100000, 0x0000000092100000, 0x0000000092200000|  0%| F|  |TAMS 0x0000000092100000, 0x0000000092100000| Untracked 
| 290|0x0000000092200000, 0x0000000092200000, 0x0000000092300000|  0%| F|  |TAMS 0x0000000092200000, 0x0000000092200000| Untracked 
| 291|0x0000000092300000, 0x0000000092300000, 0x0000000092400000|  0%| F|  |TAMS 0x0000000092300000, 0x0000000092300000| Untracked 
| 292|0x0000000092400000, 0x0000000092400000, 0x0000000092500000|  0%| F|  |TAMS 0x0000000092400000, 0x0000000092400000| Untracked 
| 293|0x0000000092500000, 0x0000000092500000, 0x0000000092600000|  0%| F|  |TAMS 0x0000000092500000, 0x0000000092500000| Untracked 
| 294|0x0000000092600000, 0x0000000092600000, 0x0000000092700000|  0%| F|  |TAMS 0x0000000092600000, 0x0000000092600000| Untracked 
| 295|0x0000000092700000, 0x0000000092700000, 0x0000000092800000|  0%| F|  |TAMS 0x0000000092700000, 0x0000000092700000| Untracked 
| 296|0x0000000092800000, 0x0000000092800000, 0x0000000092900000|  0%| F|  |TAMS 0x0000000092800000, 0x0000000092800000| Untracked 
| 297|0x0000000092900000, 0x0000000092900000, 0x0000000092a00000|  0%| F|  |TAMS 0x0000000092900000, 0x0000000092900000| Untracked 
| 298|0x0000000092a00000, 0x0000000092a00000, 0x0000000092b00000|  0%| F|  |TAMS 0x0000000092a00000, 0x0000000092a00000| Untracked 
| 299|0x0000000092b00000, 0x0000000092b00000, 0x0000000092c00000|  0%| F|  |TAMS 0x0000000092b00000, 0x0000000092b00000| Untracked 
| 300|0x0000000092c00000, 0x0000000092c00000, 0x0000000092d00000|  0%| F|  |TAMS 0x0000000092c00000, 0x0000000092c00000| Untracked 
| 301|0x0000000092d00000, 0x0000000092d00000, 0x0000000092e00000|  0%| F|  |TAMS 0x0000000092d00000, 0x0000000092d00000| Untracked 
| 302|0x0000000092e00000, 0x0000000092e00000, 0x0000000092f00000|  0%| F|  |TAMS 0x0000000092e00000, 0x0000000092e00000| Untracked 

Card table byte_map: [0x00000212b8280000,0x00000212b8680000] _byte_map_base: 0x00000212b7e80000

Marking Bits (Prev, Next): (CMBitMap*) 0x000002129f60cc00, (CMBitMap*) 0x000002129f60cc40
 Prev Bits: [0x00000212b8a80000, 0x00000212baa80000)
 Next Bits: [0x00000212baa80000, 0x00000212bca80000)

Polling page: 0x00000212a8610000

Metaspace:

Usage:
  Non-class:     81.64 MB used.
      Class:     13.43 MB used.
       Both:     95.07 MB used.

Virtual space:
  Non-class space:      128.00 MB reserved,      82.31 MB ( 64%) committed,  2 nodes.
      Class space:      416.00 MB reserved,      14.00 MB (  3%) committed,  1 nodes.
             Both:      544.00 MB reserved,      96.31 MB ( 18%) committed. 

Chunk freelists:
   Non-Class:  13.33 MB
       Class:  1.98 MB
        Both:  15.31 MB

MaxMetaspaceSize: 512.00 MB
CompressedClassSpaceSize: 416.00 MB
Initial GC threshold: 21.00 MB
Current GC threshold: 152.12 MB
CDS: on
MetaspaceReclaimPolicy: balanced
 - commit_granule_bytes: 65536.
 - commit_granule_words: 8192.
 - virtual_space_node_default_size: 8388608.
 - enlarge_chunks_in_place: 1.
 - new_chunks_are_fully_committed: 0.
 - uncommit_free_chunks: 1.
 - use_allocation_guard: 0.
 - handle_deallocations: 1.


Internal statistics:

num_allocs_failed_limit: 6.
num_arena_births: 1420.
num_arena_deaths: 0.
num_vsnodes_births: 3.
num_vsnodes_deaths: 0.
num_space_committed: 1541.
num_space_uncommitted: 0.
num_chunks_returned_to_freelist: 6.
num_chunks_taken_from_freelist: 5800.
num_chunk_merges: 6.
num_chunk_splits: 3732.
num_chunks_enlarged: 2352.
num_purges: 0.
num_inconsistent_stats: 0.

CodeHeap 'non-profiled nmethods': size=120000Kb used=7642Kb max_used=7642Kb free=112357Kb
 bounds [0x00000212b0100000, 0x00000212b0880000, 0x00000212b7630000]
CodeHeap 'profiled nmethods': size=120000Kb used=22568Kb max_used=22568Kb free=97431Kb
 bounds [0x00000212a8630000, 0x00000212a9c40000, 0x00000212afb60000]
CodeHeap 'non-nmethods': size=5760Kb used=2414Kb max_used=2456Kb free=3345Kb
 bounds [0x00000212afb60000, 0x00000212afde0000, 0x00000212b0100000]
 total_blobs=12183 nmethods=11231 adapters=864
 compilation: enabled
              stopped_count=0, restarted_count=0
 full_count=0

Compilation events (20 events):
Event: 178.253 Thread 0x00000212bf2ea110 nmethod 13299 0x00000212a9c38e90 code [0x00000212a9c390a0, 0x00000212a9c39788]
Event: 178.253 Thread 0x00000212bf2ea110 13300       3       org.gradle.internal.instantiation.generator.AsmBackedClassGenerator$ClassBuilderImpl$$Lambda$142/0x00000212c11b7d60::emit (9 bytes)
Event: 178.253 Thread 0x00000212bf2ea110 nmethod 13300 0x00000212a9c39a10 code [0x00000212a9c39bc0, 0x00000212a9c39dc8]
Event: 178.253 Thread 0x00000212bf2ea110 13301       3       org.gradle.internal.instantiation.generator.AsmBackedClassGenerator$ClassBuilderImpl::access$7000 (4 bytes)
Event: 178.253 Thread 0x00000212bf2ea110 nmethod 13301 0x00000212a8cb9b10 code [0x00000212a8cb9ca0, 0x00000212a8cb9d98]
Event: 178.261 Thread 0x00000212bf2e7fb0 13302       4       sun.invoke.util.VerifyType::isNullConversion (157 bytes)
Event: 178.263 Thread 0x00000212bf2e7fb0 nmethod 13302 0x00000212b0873710 code [0x00000212b0873920, 0x00000212b0873d80]
Event: 178.265 Thread 0x00000212bf2ea110 13303       3       kotlin.collections.CollectionsKt__CollectionsKt::listOfNotNull (11 bytes)
Event: 178.266 Thread 0x00000212bf2e7fb0 13306       4       org.gradle.internal.reflect.JavaPropertyReflectionUtil::getAnnotation (101 bytes)
Event: 178.267 Thread 0x00000212bf2ea110 nmethod 13303 0x00000212a9c39f10 code [0x00000212a9c3a1e0, 0x00000212a9c3b008]
Event: 178.267 Thread 0x00000212bf2ea110 13304       3       kotlin.collections.ArraysKt___ArraysKt::filterNotNull (24 bytes)
Event: 178.268 Thread 0x00000212bf2ea110 nmethod 13304 0x00000212a9c3b490 code [0x00000212a9c3b6e0, 0x00000212a9c3c008]
Event: 178.268 Thread 0x00000212bf2ea110 13305       3       java.lang.invoke.MethodHandle::viewAsType (33 bytes)
Event: 178.268 Thread 0x00000212bf2ea110 nmethod 13305 0x00000212a9c3c310 code [0x00000212a9c3c4c0, 0x00000212a9c3c6a8]
Event: 178.290 Thread 0x00000212bf2e7fb0 nmethod 13306 0x00000212b0874190 code [0x00000212b0874460, 0x00000212b0875c68]
Event: 178.290 Thread 0x00000212bf2ea110 13308       3       org.gradle.api.internal.tasks.TaskStateInternal::getExecuted (13 bytes)
Event: 178.291 Thread 0x00000212bf2e7fb0 13307       4       jdk.internal.org.objectweb.asm.MethodWriter::computeAllFrames (510 bytes)
Event: 178.291 Thread 0x00000212bf2ea110 nmethod 13308 0x00000212a9c3c790 code [0x00000212a9c3c920, 0x00000212a9c3ca98]
Event: 178.291 Thread 0x00000212bf2ea110 13309       3       org.gradle.api.internal.tasks.TaskStateInternal::isConfigurable (20 bytes)
Event: 178.291 Thread 0x00000212bf2ea110 nmethod 13309 0x00000212a9c3cb10 code [0x00000212a9c3ccc0, 0x00000212a9c3cf38]

GC Heap History (20 events):
Event: 67.021 GC heap after
{Heap after GC invocations=27 (full 0):
 garbage-first heap   total 310272K, used 86114K [0x0000000080000000, 0x0000000100000000)
  region size 1024K, 1 young (1024K), 1 survivors (1024K)
 Metaspace       used 54665K, committed 55424K, reserved 491520K
  class space    used 7725K, committed 8064K, reserved 425984K
}
Event: 76.474 GC heap before
{Heap before GC invocations=27 (full 0):
 garbage-first heap   total 310272K, used 244834K [0x0000000080000000, 0x0000000100000000)
  region size 1024K, 152 young (155648K), 1 survivors (1024K)
 Metaspace       used 65525K, committed 66368K, reserved 491520K
  class space    used 9272K, committed 9664K, reserved 425984K
}
Event: 76.529 GC heap after
{Heap after GC invocations=28 (full 0):
 garbage-first heap   total 310272K, used 97642K [0x0000000080000000, 0x0000000100000000)
  region size 1024K, 8 young (8192K), 8 survivors (8192K)
 Metaspace       used 65525K, committed 66368K, reserved 491520K
  class space    used 9272K, committed 9664K, reserved 425984K
}
Event: 95.387 GC heap before
{Heap before GC invocations=28 (full 0):
 garbage-first heap   total 310272K, used 176490K [0x0000000080000000, 0x0000000100000000)
  region size 1024K, 87 young (89088K), 8 survivors (8192K)
 Metaspace       used 68438K, committed 69312K, reserved 491520K
  class space    used 9694K, committed 10112K, reserved 425984K
}
Event: 95.509 GC heap after
{Heap after GC invocations=29 (full 0):
 garbage-first heap   total 310272K, used 105867K [0x0000000080000000, 0x0000000100000000)
  region size 1024K, 16 young (16384K), 16 survivors (16384K)
 Metaspace       used 68438K, committed 69312K, reserved 491520K
  class space    used 9694K, committed 10112K, reserved 425984K
}
Event: 116.134 GC heap before
{Heap before GC invocations=30 (full 0):
 garbage-first heap   total 310272K, used 260491K [0x0000000080000000, 0x0000000100000000)
  region size 1024K, 157 young (160768K), 16 survivors (16384K)
 Metaspace       used 78433K, committed 79360K, reserved 557056K
  class space    used 10904K, committed 11328K, reserved 425984K
}
Event: 116.421 GC heap after
{Heap after GC invocations=31 (full 0):
 garbage-first heap   total 310272K, used 121715K [0x0000000080000000, 0x0000000100000000)
  region size 1024K, 20 young (20480K), 20 survivors (20480K)
 Metaspace       used 78433K, committed 79360K, reserved 557056K
  class space    used 10904K, committed 11328K, reserved 425984K
}
Event: 116.496 GC heap before
{Heap before GC invocations=31 (full 0):
 garbage-first heap   total 310272K, used 121715K [0x0000000080000000, 0x0000000100000000)
  region size 1024K, 21 young (21504K), 20 survivors (20480K)
 Metaspace       used 78511K, committed 79424K, reserved 557056K
  class space    used 10911K, committed 11328K, reserved 425984K
}
Event: 116.553 GC heap after
{Heap after GC invocations=32 (full 0):
 garbage-first heap   total 310272K, used 124250K [0x0000000080000000, 0x0000000100000000)
  region size 1024K, 3 young (3072K), 3 survivors (3072K)
 Metaspace       used 78511K, committed 79424K, reserved 557056K
  class space    used 10911K, committed 11328K, reserved 425984K
}
Event: 134.596 GC heap before
{Heap before GC invocations=32 (full 0):
 garbage-first heap   total 310272K, used 253274K [0x0000000080000000, 0x0000000100000000)
  region size 1024K, 128 young (131072K), 3 survivors (3072K)
 Metaspace       used 84404K, committed 85376K, reserved 557056K
  class space    used 11776K, committed 12224K, reserved 425984K
}
Event: 134.631 GC heap after
{Heap after GC invocations=33 (full 0):
 garbage-first heap   total 310272K, used 128232K [0x0000000080000000, 0x0000000100000000)
  region size 1024K, 7 young (7168K), 7 survivors (7168K)
 Metaspace       used 84404K, committed 85376K, reserved 557056K
  class space    used 11776K, committed 12224K, reserved 425984K
}
Event: 143.850 GC heap before
{Heap before GC invocations=33 (full 0):
 garbage-first heap   total 310272K, used 253160K [0x0000000080000000, 0x0000000100000000)
  region size 1024K, 129 young (132096K), 7 survivors (7168K)
 Metaspace       used 90636K, committed 91712K, reserved 557056K
  class space    used 12773K, committed 13248K, reserved 425984K
}
Event: 143.889 GC heap after
{Heap after GC invocations=34 (full 0):
 garbage-first heap   total 310272K, used 136927K [0x0000000080000000, 0x0000000100000000)
  region size 1024K, 16 young (16384K), 16 survivors (16384K)
 Metaspace       used 90636K, committed 91712K, reserved 557056K
  class space    used 12773K, committed 13248K, reserved 425984K
}
Event: 164.748 GC heap before
{Heap before GC invocations=34 (full 0):
 garbage-first heap   total 310272K, used 209631K [0x0000000080000000, 0x0000000100000000)
  region size 1024K, 89 young (91136K), 16 survivors (16384K)
 Metaspace       used 92340K, committed 93440K, reserved 557056K
  class space    used 13022K, committed 13504K, reserved 425984K
}
Event: 165.054 GC heap after
{Heap after GC invocations=35 (full 0):
 garbage-first heap   total 310272K, used 143898K [0x0000000080000000, 0x0000000100000000)
  region size 1024K, 16 young (16384K), 16 survivors (16384K)
 Metaspace       used 92340K, committed 93440K, reserved 557056K
  class space    used 13022K, committed 13504K, reserved 425984K
}
Event: 172.858 GC heap before
{Heap before GC invocations=36 (full 0):
 garbage-first heap   total 310272K, used 242202K [0x0000000080000000, 0x0000000100000000)
  region size 1024K, 105 young (107520K), 16 survivors (16384K)
 Metaspace       used 93443K, committed 94592K, reserved 557056K
  class space    used 13204K, committed 13760K, reserved 425984K
}
Event: 173.058 GC heap after
{Heap after GC invocations=37 (full 0):
 garbage-first heap   total 310272K, used 173221K [0x0000000080000000, 0x0000000100000000)
  region size 1024K, 14 young (14336K), 14 survivors (14336K)
 Metaspace       used 93443K, committed 94592K, reserved 557056K
  class space    used 13204K, committed 13760K, reserved 425984K
}
Event: 173.086 GC heap before
{Heap before GC invocations=37 (full 0):
 garbage-first heap   total 310272K, used 174245K [0x0000000080000000, 0x0000000100000000)
  region size 1024K, 15 young (15360K), 14 survivors (14336K)
 Metaspace       used 93444K, committed 94592K, reserved 557056K
  class space    used 13204K, committed 13760K, reserved 425984K
}
Event: 173.119 GC heap after
{Heap after GC invocations=38 (full 0):
 garbage-first heap   total 310272K, used 175608K [0x0000000080000000, 0x0000000100000000)
  region size 1024K, 2 young (2048K), 2 survivors (2048K)
 Metaspace       used 93444K, committed 94592K, reserved 557056K
  class space    used 13204K, committed 13760K, reserved 425984K
}
Event: 178.312 GC heap before
{Heap before GC invocations=38 (full 0):
 garbage-first heap   total 310272K, used 249336K [0x0000000080000000, 0x0000000100000000)
  region size 1024K, 74 young (75776K), 2 survivors (2048K)
 Metaspace       used 97352K, committed 98624K, reserved 557056K
  class space    used 13755K, committed 14336K, reserved 425984K
}

Deoptimization events (20 events):
Event: 177.393 Thread 0x00000212bf55aa80 Uncommon trap: trap_request=0xffffffc6 fr.pc=0x00000212b07a7b54 relative=0x0000000000002514
Event: 177.394 Thread 0x00000212bf55aa80 Uncommon trap: reason=bimorphic_or_optimized_type_check action=maybe_recompile pc=0x00000212b07a7b54 method=org.gradle.internal.ImmutableActionSet.add(Lorg/gradle/api/Action;)Lorg/gradle/internal/ImmutableActionSet; @ 83 c2
Event: 177.394 Thread 0x00000212bf55aa80 DEOPT PACKING pc=0x00000212b07a7b54 sp=0x00000028bdcf6c40
Event: 177.394 Thread 0x00000212bf55aa80 DEOPT UNPACKING pc=0x00000212afbb23a3 sp=0x00000028bdcf6c10 mode 2
Event: 177.398 Thread 0x00000212bf55aa80 Uncommon trap: trap_request=0xfffffff4 fr.pc=0x00000212b0856d84 relative=0x0000000000000164
Event: 177.398 Thread 0x00000212bf55aa80 Uncommon trap: reason=null_check action=make_not_entrant pc=0x00000212b0856d84 method=org.gradle.internal.instantiation.generator.AbstractClassGenerator.isPropertyType(Ljava/lang/Class;)Z @ 21 c2
Event: 177.398 Thread 0x00000212bf55aa80 DEOPT PACKING pc=0x00000212b0856d84 sp=0x00000028bdcf61a0
Event: 177.398 Thread 0x00000212bf55aa80 DEOPT UNPACKING pc=0x00000212afbb23a3 sp=0x00000028bdcf6140 mode 2
Event: 177.991 Thread 0x00000212bf55aa80 Uncommon trap: trap_request=0xffffff45 fr.pc=0x00000212b0666d88 relative=0x0000000000001a28
Event: 177.991 Thread 0x00000212bf55aa80 Uncommon trap: reason=unstable_if action=reinterpret pc=0x00000212b0666d88 method=org.objectweb.asm.ByteVector.putInt(I)Lorg/objectweb/asm/ByteVector; @ 13 c2
Event: 177.991 Thread 0x00000212bf55aa80 DEOPT PACKING pc=0x00000212b0666d88 sp=0x00000028bdcf5e00
Event: 177.991 Thread 0x00000212bf55aa80 DEOPT UNPACKING pc=0x00000212afbb23a3 sp=0x00000028bdcf5c68 mode 2
Event: 178.080 Thread 0x00000212bf55aa80 Uncommon trap: trap_request=0xfffffff4 fr.pc=0x00000212b086db54 relative=0x00000000000009f4
Event: 178.080 Thread 0x00000212bf55aa80 Uncommon trap: reason=null_check action=make_not_entrant pc=0x00000212b086db54 method=org.gradle.internal.instantiation.generator.AbstractClassGenerator$DslMixInPropertyType.visitProperty(Lorg/gradle/internal/instantiation/generator/AbstractClassGenerator
Event: 178.080 Thread 0x00000212bf55aa80 DEOPT PACKING pc=0x00000212b086db54 sp=0x00000028bdcf61f0
Event: 178.080 Thread 0x00000212bf55aa80 DEOPT UNPACKING pc=0x00000212afbb23a3 sp=0x00000028bdcf61c8 mode 2
Event: 178.091 Thread 0x00000212bf55aa80 Uncommon trap: trap_request=0xfffffff4 fr.pc=0x00000212b086edb4 relative=0x00000000000009f4
Event: 178.091 Thread 0x00000212bf55aa80 Uncommon trap: reason=null_check action=make_not_entrant pc=0x00000212b086edb4 method=org.gradle.internal.instantiation.generator.AbstractClassGenerator.isConfigurableFileCollectionType(Ljava/lang/Class;)Z @ 3 c2
Event: 178.091 Thread 0x00000212bf55aa80 DEOPT PACKING pc=0x00000212b086edb4 sp=0x00000028bdcf61f0
Event: 178.091 Thread 0x00000212bf55aa80 DEOPT UNPACKING pc=0x00000212afbb23a3 sp=0x00000028bdcf6108 mode 2

Classes unloaded (0 events):
No events

Classes redefined (0 events):
No events

Internal exceptions (20 events):
Event: 174.181 Thread 0x00000212bf55aa80 Exception <a 'java/lang/ClassNotFoundException'{0x0000000092249b08}: org/gradle/api/tasks/Delete_DecoratedBeanInfo> (0x0000000092249b08) 
thrown [s\open\src\hotspot\share\classfile\systemDictionary.cpp, line 256]
Event: 174.181 Thread 0x00000212bf55aa80 Exception <a 'java/lang/ClassNotFoundException'{0x000000009225f8e8}: org/gradle/api/tasks/DeleteBeanInfo> (0x000000009225f8e8) 
thrown [s\open\src\hotspot\share\classfile\systemDictionary.cpp, line 256]
Event: 174.182 Thread 0x00000212bf55aa80 Exception <a 'java/lang/ClassNotFoundException'{0x0000000092275690}: org/gradle/api/tasks/DeleteCustomizer> (0x0000000092275690) 
thrown [s\open\src\hotspot\share\classfile\systemDictionary.cpp, line 256]
Event: 174.193 Thread 0x00000212bf55aa80 Exception <a 'java/lang/ClassNotFoundException'{0x000000009229f708}: org/gradle/api/tasks/Delete_DecoratedCustomizer> (0x000000009229f708) 
thrown [s\open\src\hotspot\share\classfile\systemDictionary.cpp, line 256]
Event: 174.901 Thread 0x00000212bf55aa80 Exception <a 'sun/nio/fs/WindowsException'{0x0000000091cf1d00}> (0x0000000091cf1d00) 
thrown [s\open\src\hotspot\share\prims\jni.cpp, line 516]
Event: 175.148 Thread 0x00000212bf55aa80 Exception <a 'java/lang/NoSuchMethodError'{0x000000009194b460}: 'java.lang.Object java.lang.invoke.Invokers$Holder.invoker(java.lang.Object, java.lang.Object, java.lang.Object, java.lang.Object, java.lang.Object, java.lang.Object)'> (0x000000009194b460) 
thrown [s\open\src\hotspot\share\interpreter\linkResolver.cpp, line 759]
Event: 175.151 Thread 0x00000212bf55aa80 Implicit null exception at 0x00000212b03c13ba to 0x00000212b03c15d4
Event: 175.157 Thread 0x00000212bf55aa80 Exception <a 'java/lang/NoSuchMethodError'{0x0000000091956578}: 'int java.lang.invoke.DirectMethodHandle$Holder.invokeStatic(java.lang.Object, java.lang.Object, int)'> (0x0000000091956578) 
thrown [s\open\src\hotspot\share\interpreter\linkResolver.cpp, line 759]
Event: 175.161 Thread 0x00000212bf55aa80 Exception <a 'java/lang/NoSuchMethodError'{0x000000009195b328}: 'int java.lang.invoke.DirectMethodHandle$Holder.invokeSpecial(java.lang.Object, java.lang.Object, java.lang.Object, int)'> (0x000000009195b328) 
thrown [s\open\src\hotspot\share\interpreter\linkResolver.cpp, line 759]
Event: 175.178 Thread 0x00000212bf55aa80 Exception <a 'java/lang/NoSuchMethodError'{0x00000000919707a0}: 'java.lang.Object java.lang.invoke.DirectMethodHandle$Holder.invokeSpecial(java.lang.Object, java.lang.Object, java.lang.Object, java.lang.Object, int, java.lang.Object)'> (0x00000000919707a0) 
thrown [s\open\src\hotspot\share\interpreter\linkResolver.cpp, line 759]
Event: 175.328 Thread 0x00000212bf55aa80 Exception <a 'sun/nio/fs/WindowsException'{0x0000000091887df8}> (0x0000000091887df8) 
thrown [s\open\src\hotspot\share\prims\jni.cpp, line 516]
Event: 175.749 Thread 0x00000212bf55aa80 Exception <a 'java/lang/NoSuchMethodError'{0x00000000913b42e8}: 'java.lang.Object java.lang.invoke.DirectMethodHandle$Holder.invokeSpecial(java.lang.Object, java.lang.Object, java.lang.Object, java.lang.Object, long)'> (0x00000000913b42e8) 
thrown [s\open\src\hotspot\share\interpreter\linkResolver.cpp, line 759]
Event: 175.752 Thread 0x00000212bf55aa80 Exception <a 'java/lang/NoSuchMethodError'{0x00000000913b8e60}: 'java.lang.Object java.lang.invoke.Invokers$Holder.linkToTargetMethod(java.lang.Object, java.lang.Object, long, java.lang.Object)'> (0x00000000913b8e60) 
thrown [s\open\src\hotspot\share\interpreter\linkResolver.cpp, line 759]
Event: 175.824 Thread 0x00000212bf55aa80 Exception <a 'sun/nio/fs/WindowsException'{0x000000009125b0b8}> (0x000000009125b0b8) 
thrown [s\open\src\hotspot\share\prims\jni.cpp, line 516]
Event: 176.200 Thread 0x00000212bf55aa80 Exception <a 'sun/nio/fs/WindowsException'{0x0000000090b8c830}> (0x0000000090b8c830) 
thrown [s\open\src\hotspot\share\prims\jni.cpp, line 516]
Event: 177.070 Thread 0x00000212bf55aa80 Exception <a 'java/lang/NoSuchMethodError'{0x00000000906aed00}: 'java.lang.Object java.lang.invoke.Invokers$Holder.invokeExact_MT(java.lang.Object, java.lang.Object, java.lang.Object, int, java.lang.Object, java.lang.Object)'> (0x00000000906aed00) 
thrown [s\open\src\hotspot\share\interpreter\linkResolver.cpp, line 759]
Event: 177.291 Thread 0x00000212bf55aa80 Implicit null exception at 0x00000212b084d38a to 0x00000212b084d46a
Event: 177.398 Thread 0x00000212bf55aa80 Implicit null exception at 0x00000212b0856cc3 to 0x00000212b0856d77
Event: 178.080 Thread 0x00000212bf55aa80 Implicit null exception at 0x00000212b086d1ce to 0x00000212b086db44
Event: 178.091 Thread 0x00000212bf55aa80 Implicit null exception at 0x00000212b086e5d5 to 0x00000212b086eda4

VM Operations (20 events):
Event: 171.708 Executing VM operation: Cleanup done
Event: 172.338 Executing VM operation: HandshakeAllThreads
Event: 172.357 Executing VM operation: HandshakeAllThreads done
Event: 172.858 Executing VM operation: G1CollectForAllocation
Event: 173.058 Executing VM operation: G1CollectForAllocation done
Event: 173.086 Executing VM operation: G1CollectForAllocation
Event: 173.119 Executing VM operation: G1CollectForAllocation done
Event: 174.127 Executing VM operation: Cleanup
Event: 174.128 Executing VM operation: Cleanup done
Event: 175.134 Executing VM operation: Cleanup
Event: 175.135 Executing VM operation: Cleanup done
Event: 175.363 Executing VM operation: HandshakeAllThreads
Event: 175.363 Executing VM operation: HandshakeAllThreads done
Event: 176.376 Executing VM operation: Cleanup
Event: 176.394 Executing VM operation: Cleanup done
Event: 177.097 Executing VM operation: HandshakeAllThreads
Event: 177.097 Executing VM operation: HandshakeAllThreads done
Event: 178.099 Executing VM operation: Cleanup
Event: 178.099 Executing VM operation: Cleanup done
Event: 178.312 Executing VM operation: G1CollectForAllocation

Events (20 events):
Event: 172.041 loading class java/nio/file/PathsCustomizer
Event: 172.041 loading class java/nio/file/PathsCustomizer done
Event: 173.148 loading class jdk/internal/loader/URLClassPath$JarLoader$3
Event: 173.149 loading class jdk/internal/loader/URLClassPath$JarLoader$3 done
Event: 173.167 loading class jdk/internal/reflect/UnsafeQualifiedStaticCharacterFieldAccessorImpl
Event: 173.169 loading class jdk/internal/reflect/UnsafeQualifiedStaticCharacterFieldAccessorImpl done
Event: 174.878 loading class java/net/Proxy$Type
Event: 174.878 loading class java/net/Proxy$Type done
Event: 175.155 loading class sun/invoke/util/ValueConversions$1
Event: 175.155 loading class sun/invoke/util/ValueConversions$1 done
Event: 175.170 loading class java/lang/invoke/BoundMethodHandle$Species_LI
Event: 175.170 loading class java/lang/invoke/BoundMethodHandle$Species_LI done
Event: 175.273 loading class jdk/internal/reflect/UnsafeIntegerFieldAccessorImpl
Event: 175.273 loading class jdk/internal/reflect/UnsafeIntegerFieldAccessorImpl done
Event: 175.276 loading class jdk/internal/reflect/UnsafeByteFieldAccessorImpl
Event: 175.276 loading class jdk/internal/reflect/UnsafeByteFieldAccessorImpl done
Event: 175.307 loading class jdk/internal/reflect/UnsafeQualifiedIntegerFieldAccessorImpl
Event: 175.308 loading class jdk/internal/reflect/UnsafeQualifiedIntegerFieldAccessorImpl done
Event: 175.383 loading class jdk/internal/reflect/UnsafeQualifiedBooleanFieldAccessorImpl
Event: 175.383 loading class jdk/internal/reflect/UnsafeQualifiedBooleanFieldAccessorImpl done


Dynamic libraries:
0x00007ff7f6810000 - 0x00007ff7f6820000 	C:\Program Files\Java\jdk-17\bin\java.exe
0x00007ff98a9d0000 - 0x00007ff98abc8000 	C:\WINDOWS\SYSTEM32\ntdll.dll
0x00007ff989ef0000 - 0x00007ff989fad000 	C:\WINDOWS\System32\KERNEL32.DLL
0x00007ff9880b0000 - 0x00007ff9883a6000 	C:\WINDOWS\System32\KERNELBASE.dll
0x00007ff988730000 - 0x00007ff988830000 	C:\WINDOWS\System32\ucrtbase.dll
0x00007ff958170000 - 0x00007ff958189000 	C:\Program Files\Java\jdk-17\bin\jli.dll
0x00007ff98a370000 - 0x00007ff98a41f000 	C:\WINDOWS\System32\ADVAPI32.dll
0x00007ff989fb0000 - 0x00007ff98a04e000 	C:\WINDOWS\System32\msvcrt.dll
0x00007ff98a120000 - 0x00007ff98a1bc000 	C:\WINDOWS\System32\sechost.dll
0x00007ff989300000 - 0x00007ff989426000 	C:\WINDOWS\System32\RPCRT4.dll
0x00007ff9894b0000 - 0x00007ff98964e000 	C:\WINDOWS\System32\USER32.dll
0x00007ff988550000 - 0x00007ff988572000 	C:\WINDOWS\System32\win32u.dll
0x00007ff98a530000 - 0x00007ff98a55c000 	C:\WINDOWS\System32\GDI32.dll
0x00007ff988610000 - 0x00007ff98872a000 	C:\WINDOWS\System32\gdi32full.dll
0x00007ff988460000 - 0x00007ff9884fd000 	C:\WINDOWS\System32\msvcp_win.dll
0x00007ff956c40000 - 0x00007ff956c5b000 	C:\Program Files\Java\jdk-17\bin\VCRUNTIME140.dll
0x00007ff979830000 - 0x00007ff979aca000 	C:\WINDOWS\WinSxS\amd64_microsoft.windows.common-controls_6595b64144ccf1df_6.0.19041.3636_none_60b6a03d71f818d5\COMCTL32.dll
0x00007ff9807e0000 - 0x00007ff9807ea000 	C:\WINDOWS\SYSTEM32\VERSION.dll
0x00007ff98a420000 - 0x00007ff98a450000 	C:\WINDOWS\System32\IMM32.DLL
0x00007ff983bb0000 - 0x00007ff983bbc000 	C:\Program Files\Java\jdk-17\bin\vcruntime140_1.dll
0x00007ff949080000 - 0x00007ff94910e000 	C:\Program Files\Java\jdk-17\bin\msvcp140.dll
0x00007ff90a990000 - 0x00007ff90b56e000 	C:\Program Files\Java\jdk-17\bin\server\jvm.dll
0x00007ff988c20000 - 0x00007ff988c28000 	C:\WINDOWS\System32\PSAPI.DLL
0x00007ff977560000 - 0x00007ff977569000 	C:\WINDOWS\SYSTEM32\WSOCK32.dll
0x00007ff98a050000 - 0x00007ff98a0bb000 	C:\WINDOWS\System32\WS2_32.dll
0x00007ff97f350000 - 0x00007ff97f377000 	C:\WINDOWS\SYSTEM32\WINMM.dll
0x00007ff985f70000 - 0x00007ff985f82000 	C:\WINDOWS\SYSTEM32\kernel.appcore.dll
0x00007ff977510000 - 0x00007ff97751a000 	C:\Program Files\Java\jdk-17\bin\jimage.dll
0x00007ff976cb0000 - 0x00007ff976e94000 	C:\WINDOWS\SYSTEM32\DBGHELP.DLL
0x00007ff9759d0000 - 0x00007ff975a04000 	C:\WINDOWS\SYSTEM32\dbgcore.DLL
0x00007ff988580000 - 0x00007ff988602000 	C:\WINDOWS\System32\bcryptPrimitives.dll
0x00007ff983b40000 - 0x00007ff983b4e000 	C:\Program Files\Java\jdk-17\bin\instrument.dll
0x00007ff954b10000 - 0x00007ff954b35000 	C:\Program Files\Java\jdk-17\bin\java.dll
0x00007ff948330000 - 0x00007ff948407000 	C:\Program Files\Java\jdk-17\bin\jsvml.dll
0x00007ff989700000 - 0x00007ff989e44000 	C:\WINDOWS\System32\SHELL32.dll
0x00007ff986170000 - 0x00007ff98690b000 	C:\WINDOWS\SYSTEM32\windows.storage.dll
0x00007ff98a630000 - 0x00007ff98a984000 	C:\WINDOWS\System32\combase.dll
0x00007ff987a80000 - 0x00007ff987aad000 	C:\WINDOWS\SYSTEM32\Wldp.dll
0x00007ff989650000 - 0x00007ff9896fd000 	C:\WINDOWS\System32\SHCORE.dll
0x00007ff989290000 - 0x00007ff9892e5000 	C:\WINDOWS\System32\shlwapi.dll
0x00007ff987fe0000 - 0x00007ff988005000 	C:\WINDOWS\SYSTEM32\profapi.dll
0x00007ff953150000 - 0x00007ff953168000 	C:\Program Files\Java\jdk-17\bin\zip.dll
0x00007ff954ea0000 - 0x00007ff954eb9000 	C:\Program Files\Java\jdk-17\bin\net.dll
0x00007ff980cd0000 - 0x00007ff980dda000 	C:\WINDOWS\SYSTEM32\WINHTTP.dll
0x00007ff987780000 - 0x00007ff9877ea000 	C:\WINDOWS\system32\mswsock.dll
0x00007ff953170000 - 0x00007ff953186000 	C:\Program Files\Java\jdk-17\bin\nio.dll
0x00007ff983c10000 - 0x00007ff983c20000 	C:\Program Files\Java\jdk-17\bin\verify.dll
0x00007ff982320000 - 0x00007ff982347000 	C:\Users\wwwbr\.gradle\native\68d5fa5c4cc2d200863cafc0d521ce42e7d3e7ee720ec0a83991735586a16f82\windows-amd64\native-platform.dll
0x00007ff9496d0000 - 0x00007ff949814000 	C:\Users\wwwbr\.gradle\native\e376f236ea51e6404a007f0833ffe2c6e607c4080706a723a18a27aeea778392\windows-amd64\native-platform-file-events.dll
0x00007ff9662b0000 - 0x00007ff9662ba000 	C:\Program Files\Java\jdk-17\bin\management.dll
0x00007ff96c800000 - 0x00007ff96c80b000 	C:\Program Files\Java\jdk-17\bin\management_ext.dll
0x00007ff987970000 - 0x00007ff987988000 	C:\WINDOWS\SYSTEM32\CRYPTSP.dll
0x00007ff9870b0000 - 0x00007ff9870e4000 	C:\WINDOWS\system32\rsaenh.dll
0x00007ff988990000 - 0x00007ff9889b7000 	C:\WINDOWS\System32\bcrypt.dll
0x00007ff987fa0000 - 0x00007ff987fce000 	C:\WINDOWS\SYSTEM32\USERENV.dll
0x00007ff987990000 - 0x00007ff98799c000 	C:\WINDOWS\SYSTEM32\CRYPTBASE.dll
0x00007ff987470000 - 0x00007ff9874ab000 	C:\WINDOWS\SYSTEM32\IPHLPAPI.DLL
0x00007ff9892f0000 - 0x00007ff9892f8000 	C:\WINDOWS\System32\NSI.dll
0x00007ff980e60000 - 0x00007ff980e77000 	C:\WINDOWS\SYSTEM32\dhcpcsvc6.DLL
0x00007ff9815b0000 - 0x00007ff9815cd000 	C:\WINDOWS\SYSTEM32\dhcpcsvc.DLL
0x00007ff9874b0000 - 0x00007ff98757a000 	C:\WINDOWS\SYSTEM32\DNSAPI.dll
0x00007ff965e10000 - 0x00007ff965e1e000 	C:\Program Files\Java\jdk-17\bin\sunmscapi.dll
0x00007ff988830000 - 0x00007ff98898d000 	C:\WINDOWS\System32\CRYPT32.dll
0x00007ff987af0000 - 0x00007ff987b17000 	C:\WINDOWS\SYSTEM32\ncrypt.dll
0x00007ff987ab0000 - 0x00007ff987aeb000 	C:\WINDOWS\SYSTEM32\NTASN1.dll
0x00007ff963750000 - 0x00007ff963757000 	C:\WINDOWS\system32\wshunix.dll
0x00007ff9380b0000 - 0x00007ff9380c7000 	C:\WINDOWS\system32\napinsp.dll
0x00007ff938090000 - 0x00007ff9380ab000 	C:\WINDOWS\system32\pnrpnsp.dll
0x00007ff982c70000 - 0x00007ff982c85000 	C:\WINDOWS\system32\wshbth.dll
0x00007ff983a60000 - 0x00007ff983a7d000 	C:\WINDOWS\system32\NLAapi.dll
0x00007ff938070000 - 0x00007ff938082000 	C:\WINDOWS\System32\winrnr.dll
0x00007ff979b20000 - 0x00007ff979b2a000 	C:\Windows\System32\rasadhlp.dll
0x00007ff97a1b0000 - 0x00007ff97a230000 	C:\WINDOWS\System32\fwpuclnt.dll

dbghelp: loaded successfully - version: 4.0.5 - missing functions: none
symbol engine: initialized successfully - sym options: 0x614 - pdb path: .;C:\Program Files\Java\jdk-17\bin;C:\WINDOWS\SYSTEM32;C:\WINDOWS\WinSxS\amd64_microsoft.windows.common-controls_6595b64144ccf1df_6.0.19041.3636_none_60b6a03d71f818d5;C:\Program Files\Java\jdk-17\bin\server;C:\Users\wwwbr\.gradle\native\68d5fa5c4cc2d200863cafc0d521ce42e7d3e7ee720ec0a83991735586a16f82\windows-amd64;C:\Users\wwwbr\.gradle\native\e376f236ea51e6404a007f0833ffe2c6e607c4080706a723a18a27aeea778392\windows-amd64

VM Arguments:
jvm_args: -XX:MaxMetaspaceSize=512m --add-opens=java.base/java.util=ALL-UNNAMED --add-opens=java.base/java.lang=ALL-UNNAMED --add-opens=java.base/java.lang.invoke=ALL-UNNAMED --add-opens=java.prefs/java.util.prefs=ALL-UNNAMED --add-opens=java.base/java.nio.charset=ALL-UNNAMED --add-opens=java.base/java.net=ALL-UNNAMED --add-opens=java.base/java.util.concurrent.atomic=ALL-UNNAMED -Xmx2048m -Dfile.encoding=windows-1252 -Duser.country=US -Duser.language=en -Duser.variant -javaagent:C:\Users\wwwbr\.gradle\wrapper\dists\gradle-8.3-all\6en3ugtfdg5xnpx44z4qbwgas\gradle-8.3\lib\agents\gradle-instrumentation-agent-8.3.jar 
java_command: org.gradle.launcher.daemon.bootstrap.GradleDaemon 8.3
java_class_path (initial): C:\Users\wwwbr\.gradle\wrapper\dists\gradle-8.3-all\6en3ugtfdg5xnpx44z4qbwgas\gradle-8.3\lib\gradle-launcher-8.3.jar
Launcher Type: SUN_STANDARD

[Global flags]
     intx CICompilerCount                          = 3                                         {product} {ergonomic}
   size_t CompressedClassSpaceSize                 = 436207616                                 {product} {ergonomic}
     uint ConcGCThreads                            = 2                                         {product} {ergonomic}
     uint G1ConcRefinementThreads                  = 6                                         {product} {ergonomic}
   size_t G1HeapRegionSize                         = 1048576                                   {product} {ergonomic}
    uintx GCDrainStackTargetSize                   = 64                                        {product} {ergonomic}
   size_t InitialHeapSize                          = 125829120                                 {product} {ergonomic}
   size_t MarkStackSize                            = 4194304                                   {product} {ergonomic}
   size_t MaxHeapSize                              = 2147483648                                {product} {command line}
   size_t MaxMetaspaceSize                         = 536870912                                 {product} {command line}
   size_t MaxNewSize                               = 1287651328                                {product} {ergonomic}
   size_t MinHeapDeltaBytes                        = 1048576                                   {product} {ergonomic}
   size_t MinHeapSize                              = 8388608                                   {product} {ergonomic}
    uintx NonNMethodCodeHeapSize                   = 5832780                                {pd product} {ergonomic}
    uintx NonProfiledCodeHeapSize                  = 122912730                              {pd product} {ergonomic}
    uintx ProfiledCodeHeapSize                     = 122912730                              {pd product} {ergonomic}
    uintx ReservedCodeCacheSize                    = 251658240                              {pd product} {ergonomic}
     bool SegmentedCodeCache                       = true                                      {product} {ergonomic}
   size_t SoftMaxHeapSize                          = 2147483648                             {manageable} {ergonomic}
     bool UseCompressedClassPointers               = true                           {product lp64_product} {ergonomic}
     bool UseCompressedOops                        = true                           {product lp64_product} {ergonomic}
     bool UseG1GC                                  = true                                      {product} {ergonomic}
     bool UseLargePagesIndividualAllocation        = false                                  {pd product} {ergonomic}

Logging:
Log output configuration:
 #0: stdout all=warning uptime,level,tags
 #1: stderr all=off uptime,level,tags

Environment Variables:
JAVA_HOME=C:\Program Files\Java\jdk-17
PATH=C:\Program Files\Java\jdk-17\bin;C:\Program Files\Common Files\Oracle\Java\javapath;C:\WINDOWS\system32;C:\WINDOWS;C:\WINDOWS\System32\Wbem;C:\WINDOWS\System32\WindowsPowerShell\v1.0\;C:\WINDOWS\System32\OpenSSH\;C:\ProgramData\chocolatey\bin;C:\Program Files\Amazon\AWSCLIV2\;C:\Users\wwwbr\AppData\Roaming\nvm;C:\Program Files\nodejs;C:\Program Files\nodejs\;C:\Program Files\Git\cmd;C:\Users\wwwbr\AppData\Local\Programs\Python\Python311\Scripts\;C:\Users\wwwbr\AppData\Local\Programs\Python\Python311\;C:\Users\wwwbr\AppData\Local\Android\Sdk\tools;C:\Users\wwwbr\AppData\Local\Android\Sdk\tools;C:\Users\wwwbr\AppData\Local\Programs\Microsoft VS Code\bin;C:\Users\wwwbr\AppData\Local\Microsoft\WindowsApps;C:\Users\wwwbr\AppData\Local\Android\Sdk\platform-tools;C:\Program Files\Git\usr\bin;C:\Users\wwwbr\AppData\Roaming\Python\Python311\Scripts;C:\Users\wwwbr\AppData\Roaming\Python\Python311\;C:\Users\wwwbr\AppData\Roaming\nvm;C:\Program Files\nodejs;C:\Users\wwwbr\AppData\Roaming\npm;C:\Users\wwwbr\AppData\Local\GitHubDesktop\bin
USERNAME=wwwbr
OS=Windows_NT
PROCESSOR_IDENTIFIER=AMD64 Family 23 Model 96 Stepping 1, AuthenticAMD



---------------  S Y S T E M  ---------------

OS:
 Windows 10 , 64 bit Build 19041 (10.0.19041.3636)
OS uptime: 1 days 3:25 hours

CPU: total 6 (initial active 6) (6 cores per cpu, 1 threads per core) family 23 model 96 stepping 1 microcode 0x0, cx8, cmov, fxsr, mmx, 3dnowpref, sse, sse2, sse3, ssse3, sse4a, sse4.1, sse4.2, popcnt, lzcnt, tsc, tscinvbit, avx, avx2, aes, clmul, bmi1, bmi2, adx, sha, fma, vzeroupper, clflush, clflushopt

Memory: 4k page, system-wide physical 7579M (166M free)
TotalPageFile size 31023M (AvailPageFile size 496M)
current process WorkingSet (physical memory assigned to process): 344M, peak: 377M
current process commit charge ("private bytes"): 615M, peak: 1154M

vm_info: Java HotSpot(TM) 64-Bit Server VM (17.0.8+9-LTS-211) for windows-amd64 JRE (17.0.8+9-LTS-211), built on Jun 14 2023 10:34:31 by "mach5one" with MS VC++ 17.1 (VS2022)

END.
